This is pdfTeX, Version 3.14159265-2.6-1.40.18 (MiKTeX 2.9.6600 64-bit) (preloaded format=pdflatex 2018.2.19)  16 MAR 2019 18:10
entering extended mode
**./interface3.tex
(interface3.tex
LaTeX2e <2017-04-15>
Babel <3.17> and hyphenation patterns for 75 language(s) loaded.
("C:\Users\frede\AppData\Local\Programs\MiKTeX 2.9\tex\latex\l3kernel\l3doc.cls
"
("C:\Users\frede\AppData\Local\Programs\MiKTeX 2.9\tex\latex\l3kernel\expl3.sty
"
Package: expl3 2017/12/16 L3 programming layer (loader) 

("C:\Users\frede\AppData\Local\Programs\MiKTeX 2.9\tex\latex\l3kernel\expl3-cod
e.tex"
Package: expl3 2017/12/16 L3 programming layer (code)
\c_max_int=\count79
\l_tmpa_int=\count80
\l_tmpb_int=\count81
\g_tmpa_int=\count82
\g_tmpb_int=\count83
\g__intarray_font_int=\count84
\g__prg_map_int=\count85
\c_log_iow=\count86
\l_iow_line_count_int=\count87
\l__iow_line_target_int=\count88
\l__iow_one_indent_int=\count89
\l__iow_indent_int=\count90
\c_zero_dim=\dimen102
\c_max_dim=\dimen103
\l_tmpa_dim=\dimen104
\l_tmpb_dim=\dimen105
\g_tmpa_dim=\dimen106
\g_tmpb_dim=\dimen107
\c_zero_skip=\skip41
\c_max_skip=\skip42
\l_tmpa_skip=\skip43
\l_tmpb_skip=\skip44
\g_tmpa_skip=\skip45
\g_tmpb_skip=\skip46
\c_zero_muskip=\muskip10
\c_max_muskip=\muskip11
\l_tmpa_muskip=\muskip12
\l_tmpb_muskip=\muskip13
\g_tmpa_muskip=\muskip14
\g_tmpb_muskip=\muskip15
\l_keys_choice_int=\count91
\c__fp_leading_shift_int=\count92
\c__fp_middle_shift_int=\count93
\c__fp_trailing_shift_int=\count94
\c__fp_big_leading_shift_int=\count95
\c__fp_big_middle_shift_int=\count96
\c__fp_big_trailing_shift_int=\count97
\c__fp_Bigg_leading_shift_int=\count98
\c__fp_Bigg_middle_shift_int=\count99
\c__fp_Bigg_trailing_shift_int=\count100
\c__fp_rand_size_int=\count101
\c__fp_rand_four_int=\count102
\c__fp_rand_eight_int=\count103
\l__sort_length_int=\count104
\l__sort_min_int=\count105
\l__sort_top_int=\count106
\l__sort_max_int=\count107
\l__sort_true_max_int=\count108
\l__sort_block_int=\count109
\l__sort_begin_int=\count110
\l__sort_end_int=\count111
\l__sort_A_int=\count112
\l__sort_B_int=\count113
\l__sort_C_int=\count114
\l__tl_build_start_index_int=\count115
\l__tl_build_index_int=\count116
\l__tl_analysis_normal_int=\count117
\l__tl_analysis_index_int=\count118
\l__tl_analysis_nesting_int=\count119
\l__tl_analysis_type_int=\count120
\l__regex_internal_a_int=\count121
\l__regex_internal_b_int=\count122
\l__regex_internal_c_int=\count123
\l__regex_balance_int=\count124
\l__regex_group_level_int=\count125
\l__regex_mode_int=\count126
\c__regex_cs_in_class_mode_int=\count127
\c__regex_cs_mode_int=\count128
\l__regex_catcodes_int=\count129
\l__regex_default_catcodes_int=\count130
\c__regex_catcode_D_int=\count131
\c__regex_catcode_S_int=\count132
\c__regex_catcode_L_int=\count133
\c__regex_catcode_O_int=\count134
\c__regex_catcode_A_int=\count135
\c__regex_all_catcodes_int=\count136
\l__regex_show_lines_int=\count137
\l__regex_min_state_int=\count138
\l__regex_max_state_int=\count139
\l__regex_left_state_int=\count140
\l__regex_right_state_int=\count141
\l__regex_capturing_group_int=\count142
\l__regex_min_pos_int=\count143
\l__regex_max_pos_int=\count144
\l__regex_curr_pos_int=\count145
\l__regex_start_pos_int=\count146
\l__regex_success_pos_int=\count147
\l__regex_curr_char_int=\count148
\l__regex_curr_catcode_int=\count149
\l__regex_last_char_int=\count150
\l__regex_case_changed_char_int=\count151
\l__regex_curr_state_int=\count152
\l__regex_step_int=\count153
\l__regex_min_active_int=\count154
\l__regex_max_active_int=\count155
\l__regex_replacement_csnames_int=\count156
\l__regex_match_count_int=\count157
\l__regex_min_submatch_int=\count158
\l__regex_submatch_int=\count159
\l__regex_zeroth_submatch_int=\count160
\g__debug_trace_regex_int=\count161
\c_empty_box=\box26
\l_tmpa_box=\box27
\l_tmpb_box=\box28
\g_tmpa_box=\box29
\g_tmpb_box=\box30
\l__box_top_dim=\dimen108
\l__box_bottom_dim=\dimen109
\l__box_left_dim=\dimen110
\l__box_right_dim=\dimen111
\l__box_top_new_dim=\dimen112
\l__box_bottom_new_dim=\dimen113
\l__box_left_new_dim=\dimen114
\l__box_right_new_dim=\dimen115
\l__box_internal_box=\box31
\l__coffin_internal_box=\box32
\l__coffin_internal_dim=\dimen116
\l__coffin_offset_x_dim=\dimen117
\l__coffin_offset_y_dim=\dimen118
\l__coffin_x_dim=\dimen119
\l__coffin_y_dim=\dimen120
\l__coffin_x_prime_dim=\dimen121
\l__coffin_y_prime_dim=\dimen122
\c_empty_coffin=\box33
\l__coffin_aligned_coffin=\box34
\l__coffin_aligned_internal_coffin=\box35
\l_tmpa_coffin=\box36
\l_tmpb_coffin=\box37
\l__coffin_display_coffin=\box38
\l__coffin_display_coord_coffin=\box39
\l__coffin_display_pole_coffin=\box40
\l__coffin_display_offset_dim=\dimen123
\l__coffin_display_x_dim=\dimen124
\l__coffin_display_y_dim=\dimen125
\l__coffin_bounding_shift_dim=\dimen126
\l__coffin_left_corner_dim=\dimen127
\l__coffin_right_corner_dim=\dimen128
\l__coffin_bottom_corner_dim=\dimen129
\l__coffin_top_corner_dim=\dimen130
\l__coffin_scaled_total_height_dim=\dimen131
\l__coffin_scaled_width_dim=\dimen132
)
("C:\Users\frede\AppData\Local\Programs\MiKTeX 2.9\tex\latex\l3kernel\l3pdfmode
.def"
File: l3pdfmode.def 2017/03/18 v L3 Experimental driver: PDF mode
\l__driver_color_stack_int=\count162
\l__driver_tmp_box=\box41
))
("C:\Users\frede\AppData\Local\Programs\MiKTeX 2.9\tex\latex\l3packages\xparse\
xparse.sty"
Package: xparse 2017/12/16 L3 Experimental document command parser
\l__xparse_current_arg_int=\count163
\g__xparse_grabber_int=\count164
\l__xparse_m_args_int=\count165
\l__xparse_mandatory_args_int=\count166
\l__xparse_v_nesting_int=\count167
)
("C:\Users\frede\AppData\Local\Programs\MiKTeX 2.9\tex\latex\tools\calc.sty"
Package: calc 2014/10/28 v4.3 Infix arithmetic (KKT,FJ)
\calc@Acount=\count168
\calc@Bcount=\count169
\calc@Adimen=\dimen133
\calc@Bdimen=\dimen134
\calc@Askip=\skip47
\calc@Bskip=\skip48
LaTeX Info: Redefining \setlength on input line 80.
LaTeX Info: Redefining \addtolength on input line 81.
\calc@Ccount=\count170
\calc@Cskip=\skip49
)
Document Class: l3doc 2017/12/16 L3 Experimental documentation class
\l__codedoc_output_coffin=\box42
\l__codedoc_functions_coffin=\box43
\l__codedoc_descr_coffin=\box44
\l__codedoc_syntax_coffin=\box45
\g__codedoc_syntax_box=\box46
\l__codedoc_trial_width_dim=\dimen135
\l__codedoc_nested_macro_int=\count171
\l__codedoc_tmpa_int=\count172
\l__codedoc_tmpa_seq=\count173
\l__codedoc_macro_box=\box47
\l__codedoc_macro_index_box=\box48
\l__codedoc_macro_int=\count174
\g__file_internal_ior=\read1
("C:\Users\frede\AppData\Local\Programs\MiKTeX 2.9\tex\latex\base\article.cls"
Document Class: article 2014/09/29 v1.4h Standard LaTeX document class
("C:\Users\frede\AppData\Local\Programs\MiKTeX 2.9\tex\latex\base\size10.clo"
File: size10.clo 2014/09/29 v1.4h Standard LaTeX file (size option)
)
\c@part=\count175
\c@section=\count176
\c@subsection=\count177
\c@subsubsection=\count178
\c@paragraph=\count179
\c@subparagraph=\count180
\c@figure=\count181
\c@table=\count182
\abovecaptionskip=\skip50
\belowcaptionskip=\skip51
\bibindent=\dimen136
) ("C:\Users\frede\AppData\Local\Programs\MiKTeX 2.9\tex\latex\base\doc.sty"
Package: doc 2016/02/15 v2.1g Standard LaTeX documentation package (FMi)
\c@StandardModuleDepth=\count183
\guard@level=\count184
\MacrocodeTopsep=\skip52
\MacroIndent=\dimen137
\macro@cnt=\count185
\MacroTopsep=\skip53
\index@excludelist=\toks14

("C:\Users\frede\AppData\Local\Programs\MiKTeX 2.9\tex\latex\tools\multicol.sty
"
Package: multicol 2017/04/11 v1.8q multicolumn formatting (FMi)
\c@tracingmulticols=\count186
\mult@box=\box49
\multicol@leftmargin=\dimen138
\c@unbalance=\count187
\c@collectmore=\count188
\doublecol@number=\count189
\multicoltolerance=\count190
\multicolpretolerance=\count191
\full@width=\dimen139
\page@free=\dimen140
\premulticols=\dimen141
\postmulticols=\dimen142
\multicolsep=\skip54
\multicolbaselineskip=\skip55
\partial@page=\box50
\last@line=\box51
\maxbalancingoverflow=\dimen143
\mult@rightbox=\box52
\mult@grightbox=\box53
\mult@gfirstbox=\box54
\mult@firstbox=\box55
\@tempa=\box56
\@tempa=\box57
\@tempa=\box58
\@tempa=\box59
\@tempa=\box60
\@tempa=\box61
\@tempa=\box62
\@tempa=\box63
\@tempa=\box64
\@tempa=\box65
\@tempa=\box66
\@tempa=\box67
\@tempa=\box68
\@tempa=\box69
\@tempa=\box70
\@tempa=\box71
\@tempa=\box72
\c@columnbadness=\count192
\c@finalcolumnbadness=\count193
\last@try=\dimen144
\multicolovershoot=\dimen145
\multicolundershoot=\dimen146
\mult@nat@firstbox=\box73
\colbreak@box=\box74
\mc@col@check@num=\count194
)
\IndexMin=\dimen147
\c@IndexColumns=\count195
\GlossaryMin=\dimen148
\c@GlossaryColumns=\count196
\check@sum=\count197
\bslash@cnt=\count198
\wrong@table=\toks15
\c@CodelineNo=\count199
) ("C:\Users\frede\AppData\Local\Programs\MiKTeX 2.9\tex\latex\tools\array.sty"
Package: array 2016/10/06 v2.4d Tabular extension package (FMi)
\col@sep=\dimen149
\extrarowheight=\dimen150
\NC@list=\toks16
\extratabsurround=\skip56
\backup@length=\skip57
)
("C:\Users\frede\AppData\Local\Programs\MiKTeX 2.9\tex\generic\oberdiek\alphalp
h.sty"
Package: alphalph 2016/05/16 v2.5 Convert numbers to letters (HO)

("C:\Users\frede\AppData\Local\Programs\MiKTeX 2.9\tex\generic\oberdiek\infware
rr.sty"
Package: infwarerr 2016/05/16 v1.4 Providing info/warning/error messages (HO)
)
("C:\Users\frede\AppData\Local\Programs\MiKTeX 2.9\tex\generic\oberdiek\intcalc
.sty"
Package: intcalc 2016/05/16 v1.2 Expandable calculations with integers (HO)
))
("C:\Users\frede\AppData\Local\Programs\MiKTeX 2.9\tex\latex\amsmath\amsmath.st
y"
Package: amsmath 2017/09/02 v2.17a AMS math features
\@mathmargin=\skip58

For additional information on amsmath, use the `?' option.

("C:\Users\frede\AppData\Local\Programs\MiKTeX 2.9\tex\latex\amsmath\amstext.st
y"
Package: amstext 2000/06/29 v2.01 AMS text

("C:\Users\frede\AppData\Local\Programs\MiKTeX 2.9\tex\latex\amsmath\amsgen.sty
"
File: amsgen.sty 1999/11/30 v2.0 generic functions
\@emptytoks=\toks17
\ex@=\dimen151
))
("C:\Users\frede\AppData\Local\Programs\MiKTeX 2.9\tex\latex\amsmath\amsbsy.sty
"
Package: amsbsy 1999/11/29 v1.2d Bold Symbols
\pmbraise@=\dimen152
)
("C:\Users\frede\AppData\Local\Programs\MiKTeX 2.9\tex\latex\amsmath\amsopn.sty
"
Package: amsopn 2016/03/08 v2.02 operator names
)
\inf@bad=\count266
LaTeX Info: Redefining \frac on input line 213.
\uproot@=\count267
\leftroot@=\count268
LaTeX Info: Redefining \overline on input line 375.
\classnum@=\count269
\DOTSCASE@=\count270
LaTeX Info: Redefining \ldots on input line 472.
LaTeX Info: Redefining \dots on input line 475.
LaTeX Info: Redefining \cdots on input line 596.
\Mathstrutbox@=\box75
\strutbox@=\box76
\big@size=\dimen153
LaTeX Font Info:    Redeclaring font encoding OML on input line 712.
LaTeX Font Info:    Redeclaring font encoding OMS on input line 713.
\macc@depth=\count271
\c@MaxMatrixCols=\count272
\dotsspace@=\muskip16
\c@parentequation=\count273
\dspbrk@lvl=\count274
\tag@help=\toks18
\row@=\count275
\column@=\count276
\maxfields@=\count277
\andhelp@=\toks19
\eqnshift@=\dimen154
\alignsep@=\dimen155
\tagshift@=\dimen156
\tagwidth@=\dimen157
\totwidth@=\dimen158
\lineht@=\dimen159
\@envbody=\toks20
\multlinegap=\skip59
\multlinetaggap=\skip60
\mathdisplay@stack=\toks21
LaTeX Info: Redefining \[ on input line 2817.
LaTeX Info: Redefining \] on input line 2818.
)
("C:\Users\frede\AppData\Local\Programs\MiKTeX 2.9\tex\latex\amsfonts\amssymb.s
ty"
Package: amssymb 2013/01/14 v3.01 AMS font symbols

("C:\Users\frede\AppData\Local\Programs\MiKTeX 2.9\tex\latex\amsfonts\amsfonts.
sty"
Package: amsfonts 2013/01/14 v3.01 Basic AMSFonts support
\symAMSa=\mathgroup4
\symAMSb=\mathgroup5
LaTeX Font Info:    Overwriting math alphabet `\mathfrak' in version `bold'
(Font)                  U/euf/m/n --> U/euf/b/n on input line 106.
))
("C:\Users\frede\AppData\Local\Programs\MiKTeX 2.9\tex\latex\booktabs\booktabs.
sty"
Package: booktabs 2005/04/14 v1.61803 publication quality tables
\heavyrulewidth=\dimen160
\lightrulewidth=\dimen161
\cmidrulewidth=\dimen162
\belowrulesep=\dimen163
\belowbottomsep=\dimen164
\aboverulesep=\dimen165
\abovetopsep=\dimen166
\cmidrulesep=\dimen167
\cmidrulekern=\dimen168
\defaultaddspace=\dimen169
\@cmidla=\count278
\@cmidlb=\count279
\@aboverulesep=\dimen170
\@belowrulesep=\dimen171
\@thisruleclass=\count280
\@lastruleclass=\count281
\@thisrulewidth=\dimen172
)
("C:\Users\frede\AppData\Local\Programs\MiKTeX 2.9\tex\latex\graphics\color.sty
"
Package: color 2016/07/10 v1.1e Standard LaTeX Color (DPC)

("C:\Users\frede\AppData\Local\Programs\MiKTeX 2.9\tex\latex\graphics-cfg\color
.cfg"
File: color.cfg 2016/01/02 v1.6 sample color configuration
)
Package color Info: Driver file: pdftex.def on input line 147.

("C:\Users\frede\AppData\Local\Programs\MiKTeX 2.9\tex\latex\graphics-def\pdfte
x.def"
File: pdftex.def 2018/01/08 v1.0l Graphics/color driver for pdftex
))
("C:\Users\frede\AppData\Local\Programs\MiKTeX 2.9\tex\latex\colortbl\colortbl.
sty"
Package: colortbl 2018/12/12 v1.0d Color table columns (DPC)
\everycr=\toks22
\minrowclearance=\skip61
)
("C:\Users\frede\AppData\Local\Programs\MiKTeX 2.9\tex\generic\oberdiek\hologo.
sty"
Package: hologo 2017/05/01 v1.13 A logo collection with bookmark support (HO)

("C:\Users\frede\AppData\Local\Programs\MiKTeX 2.9\tex\generic\oberdiek\ltxcmds
.sty"
Package: ltxcmds 2016/05/16 v1.23 LaTeX kernel commands for general use (HO)
)
("C:\Users\frede\AppData\Local\Programs\MiKTeX 2.9\tex\generic\oberdiek\kvsetke
ys.sty"
Package: kvsetkeys 2016/05/16 v1.17 Key value parser (HO)

("C:\Users\frede\AppData\Local\Programs\MiKTeX 2.9\tex\generic\oberdiek\etexcmd
s.sty"
Package: etexcmds 2016/05/16 v1.6 Avoid name clashes with e-TeX commands (HO)

("C:\Users\frede\AppData\Local\Programs\MiKTeX 2.9\tex\generic\oberdiek\ifluate
x.sty"
Package: ifluatex 2016/05/16 v1.4 Provides the ifluatex switch (HO)
Package ifluatex Info: LuaTeX not detected.
)
Package etexcmds Info: Could not find \expanded.
(etexcmds)             That can mean that you are not using pdfTeX 1.50 or
(etexcmds)             that some package has redefined \expanded.
(etexcmds)             In the latter case, load this package earlier.
))
("C:\Users\frede\AppData\Local\Programs\MiKTeX 2.9\tex\generic\oberdiek\kvdefin
ekeys.sty"
Package: kvdefinekeys 2016/05/16 v1.4 Define keys (HO)
)
("C:\Users\frede\AppData\Local\Programs\MiKTeX 2.9\tex\generic\oberdiek\pdftexc
mds.sty"
Package: pdftexcmds 2018/01/21 v0.26 Utility functions of pdfTeX for LuaTeX (HO
)

("C:\Users\frede\AppData\Local\Programs\MiKTeX 2.9\tex\generic\oberdiek\ifpdf.s
ty"
Package: ifpdf 2017/03/15 v3.2 Provides the ifpdf switch
)
Package pdftexcmds Info: LuaTeX not detected.
Package pdftexcmds Info: \pdf@primitive is available.
Package pdftexcmds Info: \pdf@ifprimitive is available.
Package pdftexcmds Info: \pdfdraftmode found.
)
("C:\Users\frede\AppData\Local\Programs\MiKTeX 2.9\tex\generic\ifxetex\ifxetex.
sty"
Package: ifxetex 2010/09/12 v0.6 Provides ifxetex conditional
)
("C:\Users\frede\AppData\Local\Programs\MiKTeX 2.9\tex\generic\oberdiek\ifvtex.
sty"
Package: ifvtex 2016/05/16 v1.6 Detect VTeX and its facilities (HO)
Package ifvtex Info: VTeX not detected.
)
("C:\Users\frede\AppData\Local\Programs\MiKTeX 2.9\tex\latex\oberdiek\kvoptions
.sty"
Package: kvoptions 2016/05/16 v3.12 Key value format for package options (HO)

("C:\Users\frede\AppData\Local\Programs\MiKTeX 2.9\tex\latex\graphics\keyval.st
y"
Package: keyval 2014/10/28 v1.15 key=value parser (DPC)
\KV@toks@=\toks23
))
Package hologo Info: Using driver `pdftex'.
)
("C:\Users\frede\AppData\Local\Programs\MiKTeX 2.9\tex\latex\enumitem\enumitem.
sty"
Package: enumitem 2011/09/28 v3.5.2 Customized lists
\labelindent=\skip62
\enit@outerparindent=\dimen173
\enit@toks=\toks24
\enit@inbox=\box77
\enitdp@description=\count282
)
("C:\Users\frede\AppData\Local\Programs\MiKTeX 2.9\tex\latex\psnfss\pifont.sty"
Package: pifont 2005/04/12 PSNFSS-v9.2a Pi font support (SPQR) 
LaTeX Font Info:    Try loading font information for U+pzd on input line 63.
("C:\Users\frede\AppData\Local\Programs\MiKTeX 2.9\tex\latex\psnfss\upzd.fd"
File: upzd.fd 2001/06/04 font definitions for U/pzd.
)
LaTeX Font Info:    Try loading font information for U+psy on input line 64.

("C:\Users\frede\AppData\Local\Programs\MiKTeX 2.9\tex\latex\psnfss\upsy.fd"
File: upsy.fd 2001/06/04 font definitions for U/psy.
))
("C:\Users\frede\AppData\Local\Programs\MiKTeX 2.9\tex\latex\base\textcomp.sty"
Package: textcomp 2017/04/05 v2.0i Standard LaTeX package
Package textcomp Info: Sub-encoding information:
(textcomp)               5 = only ISO-Adobe without \textcurrency
(textcomp)               4 = 5 + \texteuro
(textcomp)               3 = 4 + \textohm
(textcomp)               2 = 3 + \textestimated + \textcurrency
(textcomp)               1 = TS1 - \textcircled - \t
(textcomp)               0 = TS1 (full)
(textcomp)             Font families with sub-encoding setting implement
(textcomp)             only a restricted character set as indicated.
(textcomp)             Family '?' is the default used for unknown fonts.
(textcomp)             See the documentation for details.
Package textcomp Info: Setting ? sub-encoding to TS1/1 on input line 79.
("C:\Users\frede\AppData\Local\Programs\MiKTeX 2.9\tex\latex\base\ts1enc.def"
File: ts1enc.def 2001/06/05 v3.0e (jk/car/fm) Standard LaTeX file
)
LaTeX Info: Redefining \oldstylenums on input line 334.
Package textcomp Info: Setting cmr sub-encoding to TS1/0 on input line 349.
Package textcomp Info: Setting cmss sub-encoding to TS1/0 on input line 350.
Package textcomp Info: Setting cmtt sub-encoding to TS1/0 on input line 351.
Package textcomp Info: Setting cmvtt sub-encoding to TS1/0 on input line 352.
Package textcomp Info: Setting cmbr sub-encoding to TS1/0 on input line 353.
Package textcomp Info: Setting cmtl sub-encoding to TS1/0 on input line 354.
Package textcomp Info: Setting ccr sub-encoding to TS1/0 on input line 355.
Package textcomp Info: Setting ptm sub-encoding to TS1/4 on input line 356.
Package textcomp Info: Setting pcr sub-encoding to TS1/4 on input line 357.
Package textcomp Info: Setting phv sub-encoding to TS1/4 on input line 358.
Package textcomp Info: Setting ppl sub-encoding to TS1/3 on input line 359.
Package textcomp Info: Setting pag sub-encoding to TS1/4 on input line 360.
Package textcomp Info: Setting pbk sub-encoding to TS1/4 on input line 361.
Package textcomp Info: Setting pnc sub-encoding to TS1/4 on input line 362.
Package textcomp Info: Setting pzc sub-encoding to TS1/4 on input line 363.
Package textcomp Info: Setting bch sub-encoding to TS1/4 on input line 364.
Package textcomp Info: Setting put sub-encoding to TS1/5 on input line 365.
Package textcomp Info: Setting uag sub-encoding to TS1/5 on input line 366.
Package textcomp Info: Setting ugq sub-encoding to TS1/5 on input line 367.
Package textcomp Info: Setting ul8 sub-encoding to TS1/4 on input line 368.
Package textcomp Info: Setting ul9 sub-encoding to TS1/4 on input line 369.
Package textcomp Info: Setting augie sub-encoding to TS1/5 on input line 370.
Package textcomp Info: Setting dayrom sub-encoding to TS1/3 on input line 371.
Package textcomp Info: Setting dayroms sub-encoding to TS1/3 on input line 372.

Package textcomp Info: Setting pxr sub-encoding to TS1/0 on input line 373.
Package textcomp Info: Setting pxss sub-encoding to TS1/0 on input line 374.
Package textcomp Info: Setting pxtt sub-encoding to TS1/0 on input line 375.
Package textcomp Info: Setting txr sub-encoding to TS1/0 on input line 376.
Package textcomp Info: Setting txss sub-encoding to TS1/0 on input line 377.
Package textcomp Info: Setting txtt sub-encoding to TS1/0 on input line 378.
Package textcomp Info: Setting lmr sub-encoding to TS1/0 on input line 379.
Package textcomp Info: Setting lmdh sub-encoding to TS1/0 on input line 380.
Package textcomp Info: Setting lmss sub-encoding to TS1/0 on input line 381.
Package textcomp Info: Setting lmssq sub-encoding to TS1/0 on input line 382.
Package textcomp Info: Setting lmvtt sub-encoding to TS1/0 on input line 383.
Package textcomp Info: Setting lmtt sub-encoding to TS1/0 on input line 384.
Package textcomp Info: Setting qhv sub-encoding to TS1/0 on input line 385.
Package textcomp Info: Setting qag sub-encoding to TS1/0 on input line 386.
Package textcomp Info: Setting qbk sub-encoding to TS1/0 on input line 387.
Package textcomp Info: Setting qcr sub-encoding to TS1/0 on input line 388.
Package textcomp Info: Setting qcs sub-encoding to TS1/0 on input line 389.
Package textcomp Info: Setting qpl sub-encoding to TS1/0 on input line 390.
Package textcomp Info: Setting qtm sub-encoding to TS1/0 on input line 391.
Package textcomp Info: Setting qzc sub-encoding to TS1/0 on input line 392.
Package textcomp Info: Setting qhvc sub-encoding to TS1/0 on input line 393.
Package textcomp Info: Setting futs sub-encoding to TS1/4 on input line 394.
Package textcomp Info: Setting futx sub-encoding to TS1/4 on input line 395.
Package textcomp Info: Setting futj sub-encoding to TS1/4 on input line 396.
Package textcomp Info: Setting hlh sub-encoding to TS1/3 on input line 397.
Package textcomp Info: Setting hls sub-encoding to TS1/3 on input line 398.
Package textcomp Info: Setting hlst sub-encoding to TS1/3 on input line 399.
Package textcomp Info: Setting hlct sub-encoding to TS1/5 on input line 400.
Package textcomp Info: Setting hlx sub-encoding to TS1/5 on input line 401.
Package textcomp Info: Setting hlce sub-encoding to TS1/5 on input line 402.
Package textcomp Info: Setting hlcn sub-encoding to TS1/5 on input line 403.
Package textcomp Info: Setting hlcw sub-encoding to TS1/5 on input line 404.
Package textcomp Info: Setting hlcf sub-encoding to TS1/5 on input line 405.
Package textcomp Info: Setting pplx sub-encoding to TS1/3 on input line 406.
Package textcomp Info: Setting pplj sub-encoding to TS1/3 on input line 407.
Package textcomp Info: Setting ptmx sub-encoding to TS1/4 on input line 408.
Package textcomp Info: Setting ptmj sub-encoding to TS1/4 on input line 409.
) ("C:\Users\frede\AppData\Local\Programs\MiKTeX 2.9\tex\latex\tools\trace.sty"
Package: trace 2014/10/28 v1.1d trace LaTeX code
)
("C:\Users\frede\AppData\Local\Programs\MiKTeX 2.9\tex\latex\underscore\undersc
ore.sty"
Package: underscore 2006/09/13
LaTeX Info: Redefining \_ on input line 42.
)
("C:\Users\frede\AppData\Local\Programs\MiKTeX 2.9\tex\latex\csquotes\csquotes.
sty"
Package: csquotes 2018/02/11 v5.2c context-sensitive quotations (JAW)

("C:\Users\frede\AppData\Local\Programs\MiKTeX 2.9\tex\latex\etoolbox\etoolbox.
sty"
Package: etoolbox 2018/02/11 v2.5e e-TeX tools for LaTeX (JAW)
\etb@tempcnta=\count283
)
\csq@reset=\count284
\csq@gtype=\count285
\csq@glevel=\count286
\csq@qlevel=\count287
\csq@maxlvl=\count288
\csq@tshold=\count289
\csq@ltx@everypar=\toks25

("C:\Users\frede\AppData\Local\Programs\MiKTeX 2.9\tex\latex\csquotes\csquotes.
def"
File: csquotes.def 2018/02/11 v5.2c csquotes generic definitions (JAW)
)
Package csquotes Info: Trying to load configuration file 'csquotes.cfg'...
Package csquotes Info: ... configuration file loaded successfully.

("C:\Users\frede\AppData\Local\Programs\MiKTeX 2.9\tex\latex\csquotes\csquotes.
cfg"
File: csquotes.cfg 
))
("C:\Users\frede\AppData\Local\Programs\MiKTeX 2.9\tex\latex\fancyvrb\fancyvrb.
sty"
Package: fancyvrb 2019/01/15
 Style option: `fancyvrb' v3.2a <2019/01/15> (tvz)
\FV@CodeLineNo=\count290
\FV@InFile=\read2
\FV@TabBox=\box78
\c@FancyVerbLine=\count291
\FV@StepNumber=\count292
\FV@OutFile=\write3
)
("C:\Users\frede\AppData\Local\Programs\MiKTeX 2.9\tex\latex\tools\verbatim.sty
"
Package: verbatim 2014/10/28 v1.5q LaTeX2e package for verbatim enhancements
\every@verbatim=\toks26
\verbatim@line=\toks27
\verbatim@in@stream=\read3
) ("C:\Users\frede\AppData\Local\Programs\MiKTeX 2.9\tex\latex\base\fontenc.sty
"
Package: fontenc 2017/04/05 v2.0i Standard LaTeX package
 ("C:\Users\frede\AppData\Local\Programs\MiKTeX 2.9\tex\latex\base\t1enc.def"
File: t1enc.def 2017/04/05 v2.0i Standard LaTeX file
LaTeX Font Info:    Redeclaring font encoding T1 on input line 48.
)) ("C:\Users\frede\AppData\Local\Programs\MiKTeX 2.9\tex\latex\lm\lmodern.sty"
Package: lmodern 2009/10/30 v1.6 Latin Modern Fonts
LaTeX Font Info:    Overwriting symbol font `operators' in version `normal'
(Font)                  OT1/cmr/m/n --> OT1/lmr/m/n on input line 22.
LaTeX Font Info:    Overwriting symbol font `letters' in version `normal'
(Font)                  OML/cmm/m/it --> OML/lmm/m/it on input line 23.
LaTeX Font Info:    Overwriting symbol font `symbols' in version `normal'
(Font)                  OMS/cmsy/m/n --> OMS/lmsy/m/n on input line 24.
LaTeX Font Info:    Overwriting symbol font `largesymbols' in version `normal'
(Font)                  OMX/cmex/m/n --> OMX/lmex/m/n on input line 25.
LaTeX Font Info:    Overwriting symbol font `operators' in version `bold'
(Font)                  OT1/cmr/bx/n --> OT1/lmr/bx/n on input line 26.
LaTeX Font Info:    Overwriting symbol font `letters' in version `bold'
(Font)                  OML/cmm/b/it --> OML/lmm/b/it on input line 27.
LaTeX Font Info:    Overwriting symbol font `symbols' in version `bold'
(Font)                  OMS/cmsy/b/n --> OMS/lmsy/b/n on input line 28.
LaTeX Font Info:    Overwriting symbol font `largesymbols' in version `bold'
(Font)                  OMX/cmex/m/n --> OMX/lmex/m/n on input line 29.
LaTeX Font Info:    Overwriting math alphabet `\mathbf' in version `normal'
(Font)                  OT1/cmr/bx/n --> OT1/lmr/bx/n on input line 31.
LaTeX Font Info:    Overwriting math alphabet `\mathsf' in version `normal'
(Font)                  OT1/cmss/m/n --> OT1/lmss/m/n on input line 32.
LaTeX Font Info:    Overwriting math alphabet `\mathit' in version `normal'
(Font)                  OT1/cmr/m/it --> OT1/lmr/m/it on input line 33.
LaTeX Font Info:    Overwriting math alphabet `\mathtt' in version `normal'
(Font)                  OT1/cmtt/m/n --> OT1/lmtt/m/n on input line 34.
LaTeX Font Info:    Overwriting math alphabet `\mathbf' in version `bold'
(Font)                  OT1/cmr/bx/n --> OT1/lmr/bx/n on input line 35.
LaTeX Font Info:    Overwriting math alphabet `\mathsf' in version `bold'
(Font)                  OT1/cmss/bx/n --> OT1/lmss/bx/n on input line 36.
LaTeX Font Info:    Overwriting math alphabet `\mathit' in version `bold'
(Font)                  OT1/cmr/bx/it --> OT1/lmr/bx/it on input line 37.
LaTeX Font Info:    Overwriting math alphabet `\mathtt' in version `bold'
(Font)                  OT1/cmtt/m/n --> OT1/lmtt/m/n on input line 38.
)
LaTeX Font Info:    Try loading font information for T1+lmtt on input line 449.

 ("C:\Users\frede\AppData\Local\Programs\MiKTeX 2.9\tex\latex\lm\t1lmtt.fd"
File: t1lmtt.fd 2009/10/30 v1.6 Font defs for Latin Modern
)
("C:\Users\frede\AppData\Local\Programs\MiKTeX 2.9\tex\latex\oberdiek\hypdoc.st
y"
Package: hypdoc 2016/10/02 v1.13 Hyper extensions for doc.sty (HO)

("C:\Users\frede\AppData\Local\Programs\MiKTeX 2.9\tex\latex\oberdiek\atveryend
.sty"
Package: atveryend 2016/05/16 v1.9 Hooks at the very end of document (HO)
)
("C:\Users\frede\AppData\Local\Programs\MiKTeX 2.9\tex\latex\hyperref\hyperref.
sty"
Package: hyperref 2018/02/06 v6.86b Hypertext links for LaTeX

("C:\Users\frede\AppData\Local\Programs\MiKTeX 2.9\tex\generic\oberdiek\hobsub-
hyperref.sty"
Package: hobsub-hyperref 2016/05/16 v1.14 Bundle oberdiek, subset hyperref (HO)


("C:\Users\frede\AppData\Local\Programs\MiKTeX 2.9\tex\generic\oberdiek\hobsub-
generic.sty"
Package: hobsub-generic 2016/05/16 v1.14 Bundle oberdiek, subset generic (HO)
Package: hobsub 2016/05/16 v1.14 Construct package bundles (HO)
Package hobsub Info: Skipping package `infwarerr' (already loaded).
Package hobsub Info: Skipping package `ltxcmds' (already loaded).
Package hobsub Info: Skipping package `ifluatex' (already loaded).
Package hobsub Info: Skipping package `ifvtex' (already loaded).
Package hobsub Info: Skipping package `intcalc' (already loaded).
Package hobsub Info: Skipping package `ifpdf' (already loaded).
Package hobsub Info: Skipping package `etexcmds' (already loaded).
Package hobsub Info: Skipping package `kvsetkeys' (already loaded).
Package hobsub Info: Skipping package `kvdefinekeys' (already loaded).
Package hobsub Info: Skipping package `pdftexcmds' (already loaded).
Package: pdfescape 2016/05/16 v1.14 Implements pdfTeX's escape features (HO)
Package: bigintcalc 2016/05/16 v1.4 Expandable calculations on big integers (HO
)
Package: bitset 2016/05/16 v1.2 Handle bit-vector datatype (HO)
Package: uniquecounter 2016/05/16 v1.3 Provide unlimited unique counter (HO)
)
Package hobsub Info: Skipping package `hobsub' (already loaded).
Package: letltxmacro 2016/05/16 v1.5 Let assignment for LaTeX macros (HO)
Package: hopatch 2016/05/16 v1.3 Wrapper for package hooks (HO)
Package: xcolor-patch 2016/05/16 xcolor patch
Package hobsub Info: Skipping package `atveryend' (already loaded).
Package: atbegshi 2016/06/09 v1.18 At begin shipout hook (HO)
Package: refcount 2016/05/16 v3.5 Data extraction from label references (HO)
Package: hycolor 2016/05/16 v1.8 Color options for hyperref/bookmark (HO)
)
("C:\Users\frede\AppData\Local\Programs\MiKTeX 2.9\tex\latex\oberdiek\auxhook.s
ty"
Package: auxhook 2016/05/16 v1.4 Hooks for auxiliary files (HO)
)
\@linkdim=\dimen174
\Hy@linkcounter=\count293
\Hy@pagecounter=\count294

("C:\Users\frede\AppData\Local\Programs\MiKTeX 2.9\tex\latex\hyperref\pd1enc.de
f"
File: pd1enc.def 2018/02/06 v6.86b Hyperref: PDFDocEncoding definition (HO)
)
\Hy@SavedSpaceFactor=\count295

("C:\Users\frede\AppData\Local\Programs\MiKTeX 2.9\tex\latex\00miktex\hyperref.
cfg"
File: hyperref.cfg 2002/06/06 v1.2 hyperref configuration of TeXLive
)
Package hyperref Info: Option `hyperindex' set `false' on input line 4383.
Package hyperref Info: Option `pdfusetitle' set `true' on input line 4383.
Package hyperref Info: Option `colorlinks' set `true' on input line 4383.
Package hyperref Info: Option `pdfpagelabels' set `true' on input line 4383.
Package hyperref Info: Hyper figures OFF on input line 4509.
Package hyperref Info: Link nesting OFF on input line 4514.
Package hyperref Info: Hyper index OFF on input line 4519.
Package hyperref Info: Plain pages OFF on input line 4524.
Package hyperref Info: Backreferencing OFF on input line 4529.
Package hyperref Info: Implicit mode ON; LaTeX internals redefined.
Package hyperref Info: Bookmarks ON on input line 4762.
\c@Hy@tempcnt=\count296
 ("C:\Users\frede\AppData\Local\Programs\MiKTeX 2.9\tex\latex\url\url.sty"
\Urlmuskip=\muskip17
Package: url 2013/09/16  ver 3.4  Verb mode for urls, etc.
)
LaTeX Info: Redefining \url on input line 5115.
\XeTeXLinkMargin=\dimen175
\Fld@menulength=\count297
\Field@Width=\dimen176
\Fld@charsize=\dimen177
Package hyperref Info: Hyper figures OFF on input line 6369.
Package hyperref Info: Link nesting OFF on input line 6374.
Package hyperref Info: Hyper index OFF on input line 6379.
Package hyperref Info: backreferencing OFF on input line 6384.
Package hyperref Info: Link coloring ON on input line 6387.
Package hyperref Info: Link coloring with OCG OFF on input line 6394.
Package hyperref Info: PDF/A mode OFF on input line 6399.
LaTeX Info: Redefining \ref on input line 6439.
LaTeX Info: Redefining \pageref on input line 6443.
\Hy@abspage=\count298
\c@Item=\count299
\c@Hfootnote=\count300
)
Package hyperref Info: Driver (autodetected): hpdftex.

("C:\Users\frede\AppData\Local\Programs\MiKTeX 2.9\tex\latex\hyperref\hpdftex.d
ef"
File: hpdftex.def 2018/02/06 v6.86b Hyperref driver for pdfTeX
\Fld@listcount=\count301
\c@bookmark@seq@number=\count302

("C:\Users\frede\AppData\Local\Programs\MiKTeX 2.9\tex\latex\oberdiek\rerunfile
check.sty"
Package: rerunfilecheck 2016/05/16 v1.8 Rerun checks for auxiliary files (HO)
Package uniquecounter Info: New unique counter `rerunfilecheck' on input line 2
82.
)
\Hy@SectionHShift=\skip63
)
Package hyperref Info: Option `plainpages' set `false' on input line 60.
Package hyperref Info: Option `bookmarksopen' set `true' on input line 60.
Package hyperref Info: Option `bookmarksnumbered' set `true' on input line 60.

("C:\Users\frede\AppData\Local\Programs\MiKTeX 2.9\tex\generic\thumbpdf\thumbpd
f.sty"
Package: thumbpdf 2014/07/15 v3.16 Inclusion of thumbnails (HO)


Package thumbpdf Warning: Thumbnail data file `interface3.tpt' not found.

)
\c@HD@unique=\count303
\c@HD@hypercount=\count304
\HD@helplength=\skip64
)
.................................................
. LaTeX info: "xparse/define-command"
. 
. Defining command \__codedoc_pdfstring_newline:w with sig. 'som' on line 473.
.................................................
.................................................
. LaTeX info: "xparse/define-command"
. 
. Defining command \cmd with sig. 'O{}m' on line 527.
.................................................
.................................................
. LaTeX info: "xparse/define-command"
. 
. Defining command \cs with sig. 'O{}m' on line 529.
.................................................
.................................................
. LaTeX info: "xparse/define-command"
. 
. Defining command \tn with sig. 'O{}m' on line 535.
.................................................
.................................................
. LaTeX info: "xparse/redefine-command"
. 
. Redefining command \meta with sig. 'm' on line 537.
.................................................
.................................................
. LaTeX info: "xparse/define-command"
. 
. Defining command \__codedoc_pdfstring_cmd:w with sig. 'om' on line 539.
.................................................
.................................................
. LaTeX info: "xparse/define-command"
. 
. Defining command \__codedoc_pdfstring_cs:w with sig. 'om' on line 541.
.................................................
.................................................
. LaTeX info: "xparse/define-command"
. 
. Defining command \EnableDocumentation with sig. '' on line 561.
.................................................
.................................................
. LaTeX info: "xparse/define-command"
. 
. Defining command \EnableImplementation with sig. '' on line 563.
.................................................
.................................................
. LaTeX info: "xparse/define-command"
. 
. Defining command \DisableDocumentation with sig. '' on line 565.
.................................................
.................................................
. LaTeX info: "xparse/define-command"
. 
. Defining command \DisableImplementation with sig. '' on line 567.
.................................................
.................................................
. LaTeX info: "xparse/define-environment"
. 
. Defining environment 'documentation' with sig. '' on line 574.
.................................................
.................................................
. LaTeX info: "xparse/define-environment"
. 
. Defining environment 'implementation' with sig. '' on line 581.
.................................................
.................................................
. LaTeX info: "xparse/define-environment"
. 
. Defining environment 'variable' with sig. 'O{}+v' on line 592.
.................................................
.................................................
. LaTeX info: "xparse/define-environment"
. 
. Defining environment 'function' with sig. 'O{}+v' on line 595.
.................................................
.................................................
. LaTeX info: "xparse/redefine-environment"
. 
. Redefining environment 'macro' with sig. 'O{}+v' on line 598.
.................................................
.................................................
. LaTeX info: "xparse/define-environment"
. 
. Defining environment 'syntax' with sig. '' on line 604.
.................................................
.................................................
. LaTeX info: "xparse/define-environment"
. 
. Defining environment 'texnote' with sig. '' on line 613.
.................................................
.................................................
. LaTeX info: "xparse/define-environment"
. 
. Defining environment 'arguments' with sig. '' on line 624.
.................................................
.................................................
. LaTeX info: "xparse/define-command"
. 
. Defining command \CodedocExplain with sig. '' on line 626.
.................................................
.................................................
. LaTeX info: "xparse/define-command"
. 
. Defining command \CodedocExplainEXP with sig. '' on line 634.
.................................................
.................................................
. LaTeX info: "xparse/define-command"
. 
. Defining command \CodedocExplainREXP with sig. '' on line 642.
.................................................
.................................................
. LaTeX info: "xparse/define-command"
. 
. Defining command \CodedocExplainTF with sig. '' on line 650.
.................................................
\l__codedoc_syntax_dim=\dimen178
.................................................
. LaTeX info: "xparse/define-command"
. 
. Defining command \TestFiles with sig. 'm' on line 1478.
.................................................
.................................................
. LaTeX info: "xparse/define-command"
. 
. Defining command \UnitTested with sig. '' on line 1479.
.................................................
.................................................
. LaTeX info: "xparse/define-command"
. 
. Defining command \TestMissing with sig. 'm' on line 1481.
.................................................
.................................................
. LaTeX info: "xparse/redefine-command"
. 
. Redefining command \OnlyDescription with sig. '' on line 1687.
.................................................
.................................................
. LaTeX info: "xparse/redefine-command"
. 
. Redefining command \AlsoImplementation with sig. '' on line 1689.
.................................................
.................................................
. LaTeX info: "xparse/redefine-command"
. 
. Redefining command \StopEventually with sig. 'm' on line 1700.
.................................................
.................................................
. LaTeX info: "xparse/define-command"
. 
. Defining command \Finale with sig. '' on line 1702.
.................................................
.................................................
. LaTeX info: "xparse/redefine-command"
. 
. Redefining command \DocInput with sig. 'm' on line 1718.
.................................................
.................................................
. LaTeX info: "xparse/define-command"
. 
. Defining command \DocInputAgain with sig. '' on line 1720.
.................................................
.................................................
. LaTeX info: "xparse/define-command"
. 
. Defining command \DocInclude with sig. 'm' on line 1731.
.................................................
\@glossaryfile=\write4
\openout4 = `interface3.glo'.


Writing glossary file interface3.glo 
\@indexfile=\write5
\openout5 = `interface3.idx'.

Writing index file interface3.idx
)
Package csquotes Info: Checking for multilingual support...
Package csquotes Info: ... none found.
 (interface3.aux
LaTeX Font Info:    Try loading font information for T1+lmr on input line 2103.


("C:\Users\frede\AppData\Local\Programs\MiKTeX 2.9\tex\latex\lm\t1lmr.fd"
File: t1lmr.fd 2009/10/30 v1.6 Font defs for Latin Modern
))
\openout1 = `interface3.aux'.

LaTeX Font Info:    Checking defaults for OML/cmm/m/it on input line 46.
LaTeX Font Info:    ... okay on input line 46.
LaTeX Font Info:    Checking defaults for T1/cmr/m/n on input line 46.
LaTeX Font Info:    ... okay on input line 46.
LaTeX Font Info:    Checking defaults for OT1/cmr/m/n on input line 46.
LaTeX Font Info:    ... okay on input line 46.
LaTeX Font Info:    Checking defaults for OMS/cmsy/m/n on input line 46.
LaTeX Font Info:    ... okay on input line 46.
LaTeX Font Info:    Checking defaults for OMX/cmex/m/n on input line 46.
LaTeX Font Info:    ... okay on input line 46.
LaTeX Font Info:    Checking defaults for U/cmr/m/n on input line 46.
LaTeX Font Info:    ... okay on input line 46.
LaTeX Font Info:    Checking defaults for TS1/cmr/m/n on input line 46.
LaTeX Font Info:    Try loading font information for TS1+cmr on input line 46.

("C:\Users\frede\AppData\Local\Programs\MiKTeX 2.9\tex\latex\base\ts1cmr.fd"
File: ts1cmr.fd 2014/09/29 v2.5h Standard LaTeX font definitions
)
LaTeX Font Info:    ... okay on input line 46.
LaTeX Font Info:    Checking defaults for PD1/pdf/m/n on input line 46.
LaTeX Font Info:    ... okay on input line 46.

("C:\Users\frede\AppData\Local\Programs\MiKTeX 2.9\tex\context\base\supp-pdf.mk
ii"
[Loading MPS to PDF converter (version 2006.09.02).]
\scratchcounter=\count305
\scratchdimen=\dimen179
\scratchbox=\box79
\nofMPsegments=\count306
\nofMParguments=\count307
\everyMPshowfont=\toks28
\MPscratchCnt=\count308
\MPscratchDim=\dimen180
\MPnumerator=\count309
\makeMPintoPDFobject=\count310
\everyMPtoPDFconversion=\toks29
)
\AtBeginShipoutBox=\box80
Package hyperref Info: Link coloring ON on input line 46.

("C:\Users\frede\AppData\Local\Programs\MiKTeX 2.9\tex\latex\hyperref\nameref.s
ty"
Package: nameref 2016/05/21 v2.44 Cross-referencing by name of section

("C:\Users\frede\AppData\Local\Programs\MiKTeX 2.9\tex\generic\oberdiek\gettitl
estring.sty"
Package: gettitlestring 2016/05/16 v1.5 Cleanup title references (HO)
)
\c@section@level=\count311
)
LaTeX Info: Redefining \ref on input line 46.
LaTeX Info: Redefining \pageref on input line 46.
LaTeX Info: Redefining \nameref on input line 46.
 (interface3.out) (interface3.out)
\@outlinefile=\write6
\openout6 = `interface3.out'.

 (interface3.hd)
\HD@savedest@out=\write7
\openout7 = `interface3.hd'.

Package doc Info: Made " a short reference for \verb on input line 46.
Package doc Info: Made | a short reference for \verb on input line 46.
LaTeX Font Info:    Try loading font information for OT1+lmr on input line 61.

("C:\Users\frede\AppData\Local\Programs\MiKTeX 2.9\tex\latex\lm\ot1lmr.fd"
File: ot1lmr.fd 2009/10/30 v1.6 Font defs for Latin Modern
)
LaTeX Font Info:    Try loading font information for OML+lmm on input line 61.

("C:\Users\frede\AppData\Local\Programs\MiKTeX 2.9\tex\latex\lm\omllmm.fd"
File: omllmm.fd 2009/10/30 v1.6 Font defs for Latin Modern
)
LaTeX Font Info:    Try loading font information for OMS+lmsy on input line 61.


("C:\Users\frede\AppData\Local\Programs\MiKTeX 2.9\tex\latex\lm\omslmsy.fd"
File: omslmsy.fd 2009/10/30 v1.6 Font defs for Latin Modern
)
LaTeX Font Info:    Try loading font information for OMX+lmex on input line 61.


("C:\Users\frede\AppData\Local\Programs\MiKTeX 2.9\tex\latex\lm\omxlmex.fd"
File: omxlmex.fd 2009/10/30 v1.6 Font defs for Latin Modern
)
LaTeX Font Info:    External font `lmex10' loaded for size
(Font)              <17.28> on input line 61.
LaTeX Font Info:    External font `lmex10' loaded for size
(Font)              <12> on input line 61.
LaTeX Font Info:    External font `lmex10' loaded for size
(Font)              <10> on input line 61.
LaTeX Font Info:    Try loading font information for U+msa on input line 61.

("C:\Users\frede\AppData\Local\Programs\MiKTeX 2.9\tex\latex\amsfonts\umsa.fd"
File: umsa.fd 2013/01/14 v3.01 AMS symbols A
)
LaTeX Font Info:    Try loading font information for U+msb on input line 61.
("C:\Users\frede\AppData\Local\Programs\MiKTeX 2.9\tex\latex\amsfonts\umsb.fd"
File: umsb.fd 2013/01/14 v3.01 AMS symbols B
)
LaTeX Font Info:    External font `lmex10' loaded for size
(Font)              <8> on input line 61.
LaTeX Font Info:    External font `lmex10' loaded for size
(Font)              <6> on input line 61.
LaTeX Font Info:    External font `lmex10' loaded for size
(Font)              <5> on input line 61.
(source3body.tex
LaTeX Font Info:    Try loading font information for T1+lmss on input line 47.

("C:\Users\frede\AppData\Local\Programs\MiKTeX 2.9\tex\latex\lm\t1lmss.fd"
File: t1lmss.fd 2009/10/30 v1.6 Font defs for Latin Modern
)
LaTeX Font Info:    External font `lmex10' loaded for size
(Font)              <9> on input line 49.

[1

{C:/Users/frede/AppData/Local/MiKTeX/2.9/pdftex/config/pdftex.map}]
(interface3.toc
LaTeX Font Info:    External font `lmex10' loaded for size
(Font)              <7> on input line 3.
 [2

] [3] [4] [5] [6] [7]
LaTeX Font Info:    Font shape `T1/lmtt/bx/n' in size <10> not available
(Font)              Font shape `T1/lmtt/b/n' tried instead on input line 168.
 [8] [9] [10] [11] [12])
\tf@toc=\write8
\openout8 = `interface3.toc'.

 [13] [1

]
[2] [3]
LaTeX Font Info:    Try loading font information for TS1+lmr on input line 343.


("C:\Users\frede\AppData\Local\Programs\MiKTeX 2.9\tex\latex\lm\ts1lmr.fd"
File: ts1lmr.fd 2009/10/30 v1.6 Font defs for Latin Modern
)
[4]
LaTeX Font Info:    External font `lmex10' loaded for size
(Font)              <14.4> on input line 402.
 (l3bootstrap.dtx [5]) (l3names.dtx [6

]) (l3basics.dtx [7

] [8

] [9] [10]
[11] [12] [13] [14] [15] [16] [17] [18] [19] [20]) (l3expan.dtx [21] [22

]
[23] [24] [25] [26] [27] [28] [29] [30] [31] [32] [33]) (l3tl.dtx [34] [35

]
[36] [37] [38] [39] [40] [41] [42] [43] [44] [45] [46]
Overfull \hbox (88.63329pt too wide) in paragraph at lines 1087--1090
[]\T1/lmr/m/n/10 If we want to get the items from the third to the last, the ca
ll is []\T1/lmtt/m/n/10 \tl_range:nnn { <tl> } { 3 } { -1 }\T1/lmr/m/n/10 .
 []


Overfull \hbox (8.2765pt too wide) in paragraph at lines 1087--1090
\T1/lmr/m/n/10 Sim-i-larly, for dis-card-ing the last item, we can do []\T1/lmt
t/m/n/10 \tl_range:nnn { <tl> } { 1 } { -2 }\T1/lmr/m/n/10 . 
 []


Overfull \hbox (12.41075pt too wide) in paragraph at lines 1094--1096
[]\T1/lmr/m/n/10 For im-proved per-for-mance, see \T1/lmtt/m/n/10 \tl_-range_-b
raced:nnn[] \T1/lmr/m/n/10 and \T1/lmtt/m/n/10 \tl_-range_-unbraced:nnn[]\T1/lm
r/m/n/10 . 
 []

[47]
Overfull \vbox (33.87018pt too high) has occurred while \output is active []


[48] [49]) (l3str.dtx [50] [51

] [52] [53] [54] [55] [56] [57] [58]
Overfull \vbox (78.586pt too high) has occurred while \output is active []


[59] [60] [61]) (l3quark.dtx [62] [63

] [64] [65] [66]) (l3seq.dtx [67] [68

]
[69] [70] [71] [72] [73] [74] [75] [76] [77]) (l3int.dtx [78] [79

] [80]
[81] [82] [83] [84] [85] [86] [87] [88] [89] [90] [91]) (l3flag.dtx [92]
[93

]) (l3prg.dtx [94] [95

] [96]
Overfull \hbox (2.58833pt too wide) in paragraph at lines 205--216
\T1/lmtt/m/n/10 generate_-variant:Nn[] $\OMS/lmsy/m/n/10 h$[]\T1/lmr/m/it/10 co
nditional$\OMS/lmsy/m/n/10 i$ []\T1/lmtt/m/n/10 {$\OMS/lmsy/m/n/10 h$[]\T1/lmr/
m/it/10 variant argument specifiers$\OMS/lmsy/m/n/10 i$[]\T1/lmtt/m/n/10 } \T1/
lmr/m/n/10 on each $\OMS/lmsy/m/n/10 h$[]\T1/lmr/m/it/10 conditional$\OMS/lmsy/
m/n/10 i$
 []

[97] [98] [99] [100] [101] [102] [103]) (l3sys.dtx [104] [105

]) (l3clist.dtx
[106] [107

] [108] [109] [110] [111] [112] [113] [114] [115]) (l3token.dtx
[116] [117

] [118] [119] [120] [121] [122] [123] [124] [125] [126] [127]
[128] [129] [130]) (l3prop.dtx [131] [132

] [133] [134] [135] [136]) (l3msg.dtx
[137] [138

] [139] [140] [141] [142]) (l3file.dtx [143] [144

] [145] [146]
[147] [148] [149] [150] [151] [152]) (l3skip.dtx [153]
LaTeX Font Info:    Font shape `T1/lmtt/bx/n' in size <14.4> not available
(Font)              Font shape `T1/lmtt/b/n' tried instead on input line 63.
 [154

] [155] [156]
[157] [158] [159] [160] [161] [162] [163] [164] [165] [166] [167]) (l3keys.dtx
[168] [169

] [170] [171] [172] [173] [174] [175] [176] [177] [178] [179]
[180]) (l3intarray.dtx [181] [182

]) (l3fp.dtx [183]
LaTeX Font Info:    Try loading font information for OT1+lmtt on input line 68.


("C:\Users\frede\AppData\Local\Programs\MiKTeX 2.9\tex\latex\lm\ot1lmtt.fd"
File: ot1lmtt.fd 2009/10/30 v1.6 Font defs for Latin Modern
)
[184

] [185] [186] [187] [188] [189] [190] [191] [192] [193] [194] [195]
[196] [197] [198] [199] [200] [201] [202] [203]) (l3fparray.dtx [204])
(l3sort.dtx [205

]) (l3tl-analysis.dtx [206

]) (l3regex.dtx [207

] [208

]
Overfull \hbox (2.24898pt too wide) in paragraph at lines 128--132
[][]\T1/lmtt/m/n/10 [\+\-\ ]*(\d+|\d*\.\d+)\ *((?i)pt|in|[cem]m|ex|[bs]p|[dn]d|
[pcn]c)\ *
 []

[209] [210] [211] [212] [213] [214] [215] [216] [217] [218] [219]) (l3box.dtx
[220] [221

] [222] [223] [224] [225] [226] [227] [228] [229] [230])
(l3coffins.dtx [231] [232

] [233] [234] [235]) (l3color-base.dtx [236])
(l3luatex.dtx [237

] [238

]
Overfull \hbox (31.51155pt too wide) in paragraph at lines 136--142
\T1/lmr/m/n/10 Returns the time in $\OMS/lmsy/m/n/10 h$[]\T1/lmr/m/it/10 scaled
 seconds$\OMS/lmsy/m/n/10 i$ []\T1/lmr/m/n/10 since the start of the T[]X run o
r since []\T1/lmtt/m/n/10 l3kernel.resettimer
 []

) (l3unicode.dtx [239]) (l3candidates.dtx [240

] [241

] [242] [243] [244]
[245] [246] [247] [248] [249] [250] [251] [252] [253] [254] [255] [256]
[257] [258] [259]) (l3drivers.dtx [260] [261

] [262] [263] [264] [265] [266]))
[267]
No file interface3.ind.
Package doc Info: Deleted " as a short reference for \verb(*) on input line 78.

Package doc Info: Deleted | as a short reference for \verb(*) on input line 78.

.................................................
. l3doc info: "print-index-howto"
. 
. Generate the index by executing
.     makeindex -s gind.ist -o interface3.ind interface3.idx
.................................................
Package atveryend Info: Empty hook `BeforeClearDocument' on input line 78.
Package atveryend Info: Executing hook `AfterLastShipout' on input line 78.
(interface3.aux)
Package atveryend Info: Executing hook `AtVeryEndDocument' on input line 78.


 *File List*
   l3doc.cls    2017/12/16 L3 Experimental documentation class
   expl3.sty    2017/12/16 L3 programming layer (loader) 
expl3-code.tex    2017/12/16 L3 programming layer 
l3pdfmode.def    2017/03/18 v L3 Experimental driver: PDF mode
  xparse.sty    2017/12/16 L3 Experimental document command parser
    calc.sty    2014/10/28 v4.3 Infix arithmetic (KKT,FJ)
 article.cls    2014/09/29 v1.4h Standard LaTeX document class
  size10.clo    2014/09/29 v1.4h Standard LaTeX file (size option)
     doc.sty    2016/02/15 v2.1g Standard LaTeX documentation package (FMi)
multicol.sty    2017/04/11 v1.8q multicolumn formatting (FMi)
   array.sty    2016/10/06 v2.4d Tabular extension package (FMi)
alphalph.sty    2016/05/16 v2.5 Convert numbers to letters (HO)
infwarerr.sty    2016/05/16 v1.4 Providing info/warning/error messages (HO)
 intcalc.sty    2016/05/16 v1.2 Expandable calculations with integers (HO)
 amsmath.sty    2017/09/02 v2.17a AMS math features
 amstext.sty    2000/06/29 v2.01 AMS text
  amsgen.sty    1999/11/30 v2.0 generic functions
  amsbsy.sty    1999/11/29 v1.2d Bold Symbols
  amsopn.sty    2016/03/08 v2.02 operator names
 amssymb.sty    2013/01/14 v3.01 AMS font symbols
amsfonts.sty    2013/01/14 v3.01 Basic AMSFonts support
booktabs.sty    2005/04/14 v1.61803 publication quality tables
   color.sty    2016/07/10 v1.1e Standard LaTeX Color (DPC)
   color.cfg    2016/01/02 v1.6 sample color configuration
  pdftex.def    2018/01/08 v1.0l Graphics/color driver for pdftex
colortbl.sty    2018/12/12 v1.0d Color table columns (DPC)
  hologo.sty    2017/05/01 v1.13 A logo collection with bookmark support (HO)
 ltxcmds.sty    2016/05/16 v1.23 LaTeX kernel commands for general use (HO)
kvsetkeys.sty    2016/05/16 v1.17 Key value parser (HO)
etexcmds.sty    2016/05/16 v1.6 Avoid name clashes with e-TeX commands (HO)
ifluatex.sty    2016/05/16 v1.4 Provides the ifluatex switch (HO)
kvdefinekeys.sty    2016/05/16 v1.4 Define keys (HO)
pdftexcmds.sty    2018/01/21 v0.26 Utility functions of pdfTeX for LuaTeX (HO)
   ifpdf.sty    2017/03/15 v3.2 Provides the ifpdf switch
 ifxetex.sty    2010/09/12 v0.6 Provides ifxetex conditional
  ifvtex.sty    2016/05/16 v1.6 Detect VTeX and its facilities (HO)
kvoptions.sty    2016/05/16 v3.12 Key value format for package options (HO)
  keyval.sty    2014/10/28 v1.15 key=value parser (DPC)
enumitem.sty    2011/09/28 v3.5.2 Customized lists
  pifont.sty    2005/04/12 PSNFSS-v9.2a Pi font support (SPQR) 
    upzd.fd    2001/06/04 font definitions for U/pzd.
    upsy.fd    2001/06/04 font definitions for U/psy.
textcomp.sty    2017/04/05 v2.0i Standard LaTeX package
  ts1enc.def    2001/06/05 v3.0e (jk/car/fm) Standard LaTeX file
   trace.sty    2014/10/28 v1.1d trace LaTeX code
underscore.sty    2006/09/13
csquotes.sty    2018/02/11 v5.2c context-sensitive quotations (JAW)
etoolbox.sty    2018/02/11 v2.5e e-TeX tools for LaTeX (JAW)
csquotes.def    2018/02/11 v5.2c csquotes generic definitions (JAW)
csquotes.cfg    
fancyvrb.sty    2019/01/15
verbatim.sty    2014/10/28 v1.5q LaTeX2e package for verbatim enhancements
 fontenc.sty
   t1enc.def    2017/04/05 v2.0i Standard LaTeX file
 lmodern.sty    2009/10/30 v1.6 Latin Modern Fonts
  t1lmtt.fd    2009/10/30 v1.6 Font defs for Latin Modern
  hypdoc.sty    2016/10/02 v1.13 Hyper extensions for doc.sty (HO)
atveryend.sty    2016/05/16 v1.9 Hooks at the very end of document (HO)
hyperref.sty    2018/02/06 v6.86b Hypertext links for LaTeX
hobsub-hyperref.sty    2016/05/16 v1.14 Bundle oberdiek, subset hyperref (HO)
hobsub-generic.sty    2016/05/16 v1.14 Bundle oberdiek, subset generic (HO)
  hobsub.sty    2016/05/16 v1.14 Construct package bundles (HO)
pdfescape.sty    2016/05/16 v1.14 Implements pdfTeX's escape features (HO)
bigintcalc.sty    2016/05/16 v1.4 Expandable calculations on big integers (HO)
  bitset.sty    2016/05/16 v1.2 Handle bit-vector datatype (HO)
uniquecounter.sty    2016/05/16 v1.3 Provide unlimited unique counter (HO)
letltxmacro.sty    2016/05/16 v1.5 Let assignment for LaTeX macros (HO)
 hopatch.sty    2016/05/16 v1.3 Wrapper for package hooks (HO)
xcolor-patch.sty    2016/05/16 xcolor patch
atbegshi.sty    2016/06/09 v1.18 At begin shipout hook (HO)
refcount.sty    2016/05/16 v3.5 Data extraction from label references (HO)
 hycolor.sty    2016/05/16 v1.8 Color options for hyperref/bookmark (HO)
 auxhook.sty    2016/05/16 v1.4 Hooks for auxiliary files (HO)
  pd1enc.def    2018/02/06 v6.86b Hyperref: PDFDocEncoding definition (HO)
hyperref.cfg    2002/06/06 v1.2 hyperref configuration of TeXLive
     url.sty    2013/09/16  ver 3.4  Verb mode for urls, etc.
 hpdftex.def    2018/02/06 v6.86b Hyperref driver for pdfTeX
rerunfilecheck.sty    2016/05/16 v1.8 Rerun checks for auxiliary files (HO)
thumbpdf.sty    2014/07/15 v3.16 Inclusion of thumbnails (HO)
   t1lmr.fd    2009/10/30 v1.6 Font defs for Latin Modern
  ts1cmr.fd    2014/09/29 v2.5h Standard LaTeX font definitions
supp-pdf.mkii
 nameref.sty    2016/05/21 v2.44 Cross-referencing by name of section
gettitlestring.sty    2016/05/16 v1.5 Cleanup title references (HO)
interface3.out
interface3.out
interface3.hd
  ot1lmr.fd    2009/10/30 v1.6 Font defs for Latin Modern
  omllmm.fd    2009/10/30 v1.6 Font defs for Latin Modern
 omslmsy.fd    2009/10/30 v1.6 Font defs for Latin Modern
 omxlmex.fd    2009/10/30 v1.6 Font defs for Latin Modern
    umsa.fd    2013/01/14 v3.01 AMS symbols A
    umsb.fd    2013/01/14 v3.01 AMS symbols B
source3body.tex
  t1lmss.fd    2009/10/30 v1.6 Font defs for Latin Modern
  ts1lmr.fd    2009/10/30 v1.6 Font defs for Latin Modern
l3bootstrap.dtx
 l3names.dtx
l3basics.dtx
 l3expan.dtx
    l3tl.dtx
   l3str.dtx
 l3quark.dtx
   l3seq.dtx
   l3int.dtx
  l3flag.dtx
   l3prg.dtx
   l3sys.dtx
 l3clist.dtx
 l3token.dtx
  l3prop.dtx
   l3msg.dtx
  l3file.dtx
  l3skip.dtx
  l3keys.dtx
l3intarray.dtx
    l3fp.dtx
 ot1lmtt.fd    2009/10/30 v1.6 Font defs for Latin Modern
l3fparray.dtx
  l3sort.dtx
l3tl-analysis.dtx
 l3regex.dtx
   l3box.dtx
l3coffins.dtx
l3color-base.dtx
l3luatex.dtx
l3unicode.dtx
l3candidates.dtx
l3drivers.dtx
 ***********

Package atveryend Info: Executing hook `AtEndAfterFileList' on input line 78.
Package rerunfilecheck Info: File `interface3.out' has not changed.
(rerunfilecheck)             Checksum: A87569DD3AB18B9A8264C119E2427577;22156.
Package rerunfilecheck Info: File `interface3.hd' has not changed.
(rerunfilecheck)             Checksum: D41D8CD98F00B204E9800998ECF8427E;0.
 ) 
Here is how much of TeX's memory you used:
 23404 strings out of 493303
 442414 string characters out of 3129784
 572954 words of memory out of 3000000
 24966 multiletter control sequences out of 15000+200000
 671625 words of font info for 126 fonts, out of 3000000 for 9000
 1141 hyphenation exceptions out of 8191
 42i,15n,52p,10378b,724s stack positions out of 5000i,500n,10000p,200000b,50000s
{C:/Users/frede/AppData/Local/Programs/MiKTeX 2.9/fonts/enc/dvips/lm/lm-mathi
t.enc}{C:/Users/frede/AppData/Local/Programs/MiKTeX 2.9/fonts/enc/dvips/lm/lm-r
m.enc}{C:/Users/frede/AppData/Local/Programs/MiKTeX 2.9/fonts/enc/dvips/lm/lm-r
mtt.enc}{C:/Users/frede/AppData/Local/Programs/MiKTeX 2.9/fonts/enc/dvips/lm/lm
-mathsy.enc}{C:/Users/frede/AppData/Local/Programs/MiKTeX 2.9/fonts/enc/dvips/l
m/lm-ec.enc}{C:/Users/frede/AppData/Local/Programs/MiKTeX 2.9/fonts/enc/dvips/l
m/lm-ts1.enc}<C:/Users/frede/AppData/Local/Programs/MiKTeX 2.9/fonts/type1/publ
ic/lm/lmbx10.pfb><C:/Users/frede/AppData/Local/Programs/MiKTeX 2.9/fonts/type1/
public/lm/lmbx12.pfb><C:/Users/frede/AppData/Local/Programs/MiKTeX 2.9/fonts/ty
pe1/public/lm/lmbx7.pfb><C:/Users/frede/AppData/Local/Programs/MiKTeX 2.9/fonts
/type1/public/lm/lmbx9.pfb><C:/Users/frede/AppData/Local/Programs/MiKTeX 2.9/fo
nts/type1/public/lm/lmcsc10.pfb><C:/Users/frede/AppData/Local/Programs/MiKTeX 2
.9/fonts/type1/public/lm/lmmi10.pfb><C:/Users/frede/AppData/Local/Programs/MiKT
eX 2.9/fonts/type1/public/lm/lmmi6.pfb><C:/Users/frede/AppData/Local/Programs/M
iKTeX 2.9/fonts/type1/public/lm/lmmi7.pfb><C:/Users/frede/AppData/Local/Program
s/MiKTeX 2.9/fonts/type1/public/lm/lmmi9.pfb><C:/Users/frede/AppData/Local/Prog
rams/MiKTeX 2.9/fonts/type1/public/lm/lmmib10.pfb><C:/Users/frede/AppData/Local
/Programs/MiKTeX 2.9/fonts/type1/public/lm/lmr10.pfb><C:/Users/frede/AppData/Lo
cal/Programs/MiKTeX 2.9/fonts/type1/public/lm/lmr12.pfb><C:/Users/frede/AppData
/Local/Programs/MiKTeX 2.9/fonts/type1/public/lm/lmr17.pfb><C:/Users/frede/AppD
ata/Local/Programs/MiKTeX 2.9/fonts/type1/public/lm/lmr5.pfb><C:/Users/frede/Ap
pData/Local/Programs/MiKTeX 2.9/fonts/type1/public/lm/lmr6.pfb><C:/Users/frede/
AppData/Local/Programs/MiKTeX 2.9/fonts/type1/public/lm/lmr7.pfb><C:/Users/fred
e/AppData/Local/Programs/MiKTeX 2.9/fonts/type1/public/lm/lmr8.pfb><C:/Users/fr
ede/AppData/Local/Programs/MiKTeX 2.9/fonts/type1/public/lm/lmr9.pfb><C:/Users/
frede/AppData/Local/Programs/MiKTeX 2.9/fonts/type1/public/lm/lmri10.pfb><C:/Us
ers/frede/AppData/Local/Programs/MiKTeX 2.9/fonts/type1/public/lm/lmri9.pfb><C:
/Users/frede/AppData/Local/Programs/MiKTeX 2.9/fonts/type1/public/lm/lmss10.pfb
><C:/Users/frede/AppData/Local/Programs/MiKTeX 2.9/fonts/type1/public/lm/lmss9.
pfb><C:/Users/frede/AppData/Local/Programs/MiKTeX 2.9/fonts/type1/public/lm/lms
sbx10.pfb><C:/Users/frede/AppData/Local/Programs/MiKTeX 2.9/fonts/type1/public/
lm/lmsy10.pfb><C:/Users/frede/AppData/Local/Programs/MiKTeX 2.9/fonts/type1/pub
lic/lm/lmsy6.pfb><C:/Users/frede/AppData/Local/Programs/MiKTeX 2.9/fonts/type1/
public/lm/lmsy7.pfb><C:/Users/frede/AppData/Local/Programs/MiKTeX 2.9/fonts/typ
e1/public/lm/lmsy8.pfb><C:/Users/frede/AppData/Local/Programs/MiKTeX 2.9/fonts/
type1/public/lm/lmsy9.pfb><C:/Users/frede/AppData/Local/Programs/MiKTeX 2.9/fon
ts/type1/public/lm/lmtk10.pfb><C:/Users/frede/AppData/Local/Programs/MiKTeX 2.9
/fonts/type1/public/lm/lmtt10.pfb><C:/Users/frede/AppData/Local/Programs/MiKTeX
 2.9/fonts/type1/public/lm/lmtt8.pfb><C:/Users/frede/AppData/Local/Programs/MiK
TeX 2.9/fonts/type1/public/lm/lmtt9.pfb><C:/Users/frede/AppData/Local/Programs/
MiKTeX 2.9/fonts/type1/public/lm/lmtto10.pfb><C:/Users/frede/AppData/Local/Prog
rams/MiKTeX 2.9/fonts/type1/urw/zapfding/uzdr.pfb>
Output written on interface3.pdf (280 pages, 1978960 bytes).
PDF statistics:
 5243 PDF objects out of 6186 (max. 8388607)
 1630 named destinations out of 1728 (max. 500000)
 2353 words of extra memory for PDF output out of 10000 (max. 10000000)

