\BOOKMARK [1][-]{toc1.1}{Contents}{}% 1
\BOOKMARK [0][-]{part.1}{I Introduction to expl3 and this document}{}% 2
\BOOKMARK [1][-]{section.1.1}{1 Naming functions and variables}{part.1}% 3
\BOOKMARK [2][-]{subsection.1.1.1}{1.1 Terminological inexactitude}{section.1.1}% 4
\BOOKMARK [1][-]{section.1.2}{2 Documentation conventions}{part.1}% 5
\BOOKMARK [1][-]{section.1.3}{3 Formal language conventions which apply generally}{part.1}% 6
\BOOKMARK [1][-]{section.1.4}{4 TeX concepts not supported by LaTeX3}{part.1}% 7
\BOOKMARK [0][-]{part.2}{II The l3bootstrap package: Bootstrap code}{}% 8
\BOOKMARK [1][-]{section.2.1}{1 Using the LaTeX3 modules}{part.2}% 9
\BOOKMARK [0][-]{part.3}{III The l3names package: Namespace for primitives}{}% 10
\BOOKMARK [1][-]{section.3.1}{1 Setting up the LaTeX3 programming language}{part.3}% 11
\BOOKMARK [0][-]{part.4}{IV The l3basics package: Basic definitions}{}% 12
\BOOKMARK [1][-]{section.4.1}{1 No operation functions}{part.4}% 13
\BOOKMARK [1][-]{section.4.2}{2 Grouping material}{part.4}% 14
\BOOKMARK [1][-]{section.4.3}{3 Control sequences and functions}{part.4}% 15
\BOOKMARK [2][-]{subsection.4.3.1}{3.1 Defining functions}{section.4.3}% 16
\BOOKMARK [2][-]{subsection.4.3.2}{3.2 Defining new functions using parameter text}{section.4.3}% 17
\BOOKMARK [2][-]{subsection.4.3.3}{3.3 Defining new functions using the signature}{section.4.3}% 18
\BOOKMARK [2][-]{subsection.4.3.4}{3.4 Copying control sequences}{section.4.3}% 19
\BOOKMARK [2][-]{subsection.4.3.5}{3.5 Deleting control sequences}{section.4.3}% 20
\BOOKMARK [2][-]{subsection.4.3.6}{3.6 Showing control sequences}{section.4.3}% 21
\BOOKMARK [2][-]{subsection.4.3.7}{3.7 Converting to and from control sequences}{section.4.3}% 22
\BOOKMARK [1][-]{section.4.4}{4 Analysing control sequence names}{part.4}% 23
\BOOKMARK [1][-]{section.4.5}{5 Using or removing tokens and arguments}{part.4}% 24
\BOOKMARK [2][-]{subsection.4.5.1}{5.1 Selecting tokens from delimited arguments}{section.4.5}% 25
\BOOKMARK [1][-]{section.4.6}{6 Predicates and conditionals}{part.4}% 26
\BOOKMARK [2][-]{subsection.4.6.1}{6.1 Tests on control sequences}{section.4.6}% 27
\BOOKMARK [2][-]{subsection.4.6.2}{6.2 Primitive conditionals}{section.4.6}% 28
\BOOKMARK [0][-]{part.5}{V The l3expan package: Argument expansion}{}% 29
\BOOKMARK [1][-]{section.5.1}{1 Defining new variants}{part.5}% 30
\BOOKMARK [1][-]{section.5.2}{2 Methods for defining variants}{part.5}% 31
\BOOKMARK [1][-]{section.5.3}{3 Introducing the variants}{part.5}% 32
\BOOKMARK [1][-]{section.5.4}{4 Manipulating the first argument}{part.5}% 33
\BOOKMARK [1][-]{section.5.5}{5 Manipulating two arguments}{part.5}% 34
\BOOKMARK [1][-]{section.5.6}{6 Manipulating three arguments}{part.5}% 35
\BOOKMARK [1][-]{section.5.7}{7 Unbraced expansion}{part.5}% 36
\BOOKMARK [1][-]{section.5.8}{8 Preventing expansion}{part.5}% 37
\BOOKMARK [1][-]{section.5.9}{9 Controlled expansion}{part.5}% 38
\BOOKMARK [1][-]{section.5.10}{10 Internal functions}{part.5}% 39
\BOOKMARK [0][-]{part.6}{VI The l3tl package: Token lists}{}% 40
\BOOKMARK [1][-]{section.6.1}{1 Creating and initialising token list variables}{part.6}% 41
\BOOKMARK [1][-]{section.6.2}{2 Adding data to token list variables}{part.6}% 42
\BOOKMARK [1][-]{section.6.3}{3 Modifying token list variables}{part.6}% 43
\BOOKMARK [1][-]{section.6.4}{4 Reassigning token list category codes}{part.6}% 44
\BOOKMARK [1][-]{section.6.5}{5 Token list conditionals}{part.6}% 45
\BOOKMARK [1][-]{section.6.6}{6 Mapping to token lists}{part.6}% 46
\BOOKMARK [1][-]{section.6.7}{7 Using token lists}{part.6}% 47
\BOOKMARK [1][-]{section.6.8}{8 Working with the content of token lists}{part.6}% 48
\BOOKMARK [1][-]{section.6.9}{9 The first token from a token list}{part.6}% 49
\BOOKMARK [1][-]{section.6.10}{10 Using a single item}{part.6}% 50
\BOOKMARK [1][-]{section.6.11}{11 Viewing token lists}{part.6}% 51
\BOOKMARK [1][-]{section.6.12}{12 Constant token lists}{part.6}% 52
\BOOKMARK [1][-]{section.6.13}{13 Scratch token lists}{part.6}% 53
\BOOKMARK [0][-]{part.7}{VII The l3str package: Strings}{}% 54
\BOOKMARK [1][-]{section.7.1}{1 Building strings}{part.7}% 55
\BOOKMARK [1][-]{section.7.2}{2 Adding data to string variables}{part.7}% 56
\BOOKMARK [1][-]{section.7.3}{3 Modifying string variables}{part.7}% 57
\BOOKMARK [1][-]{section.7.4}{4 String conditionals}{part.7}% 58
\BOOKMARK [1][-]{section.7.5}{5 Mapping to strings}{part.7}% 59
\BOOKMARK [1][-]{section.7.6}{6 Working with the content of strings}{part.7}% 60
\BOOKMARK [1][-]{section.7.7}{7 String manipulation}{part.7}% 61
\BOOKMARK [1][-]{section.7.8}{8 Viewing strings}{part.7}% 62
\BOOKMARK [1][-]{section.7.9}{9 Constant token lists}{part.7}% 63
\BOOKMARK [1][-]{section.7.10}{10 Scratch strings}{part.7}% 64
\BOOKMARK [0][-]{part.8}{VIII The l3quark package: Quarks}{}% 65
\BOOKMARK [1][-]{section.8.1}{1 Quarks}{part.8}% 66
\BOOKMARK [1][-]{section.8.2}{2 Defining quarks}{part.8}% 67
\BOOKMARK [1][-]{section.8.3}{3 Quark tests}{part.8}% 68
\BOOKMARK [1][-]{section.8.4}{4 Recursion}{part.8}% 69
\BOOKMARK [1][-]{section.8.5}{5 An example of recursion with quarks}{part.8}% 70
\BOOKMARK [1][-]{section.8.6}{6 Scan marks}{part.8}% 71
\BOOKMARK [0][-]{part.9}{IX The l3seq package: Sequences and stacks}{}% 72
\BOOKMARK [1][-]{section.9.1}{1 Creating and initialising sequences}{part.9}% 73
\BOOKMARK [1][-]{section.9.2}{2 Appending data to sequences}{part.9}% 74
\BOOKMARK [1][-]{section.9.3}{3 Recovering items from sequences}{part.9}% 75
\BOOKMARK [1][-]{section.9.4}{4 Recovering values from sequences with branching}{part.9}% 76
\BOOKMARK [1][-]{section.9.5}{5 Modifying sequences}{part.9}% 77
\BOOKMARK [1][-]{section.9.6}{6 Sequence conditionals}{part.9}% 78
\BOOKMARK [1][-]{section.9.7}{7 Mapping to sequences}{part.9}% 79
\BOOKMARK [1][-]{section.9.8}{8 Using the content of sequences directly}{part.9}% 80
\BOOKMARK [1][-]{section.9.9}{9 Sequences as stacks}{part.9}% 81
\BOOKMARK [1][-]{section.9.10}{10 Sequences as sets}{part.9}% 82
\BOOKMARK [1][-]{section.9.11}{11 Constant and scratch sequences}{part.9}% 83
\BOOKMARK [1][-]{section.9.12}{12 Viewing sequences}{part.9}% 84
\BOOKMARK [0][-]{part.10}{X The l3int package: Integers}{}% 85
\BOOKMARK [1][-]{section.10.1}{1 Integer expressions}{part.10}% 86
\BOOKMARK [1][-]{section.10.2}{2 Creating and initialising integers}{part.10}% 87
\BOOKMARK [1][-]{section.10.3}{3 Setting and incrementing integers}{part.10}% 88
\BOOKMARK [1][-]{section.10.4}{4 Using integers}{part.10}% 89
\BOOKMARK [1][-]{section.10.5}{5 Integer expression conditionals}{part.10}% 90
\BOOKMARK [1][-]{section.10.6}{6 Integer expression loops}{part.10}% 91
\BOOKMARK [1][-]{section.10.7}{7 Integer step functions}{part.10}% 92
\BOOKMARK [1][-]{section.10.8}{8 Formatting integers}{part.10}% 93
\BOOKMARK [1][-]{section.10.9}{9 Converting from other formats to integers}{part.10}% 94
\BOOKMARK [1][-]{section.10.10}{10 Random integers}{part.10}% 95
\BOOKMARK [1][-]{section.10.11}{11 Viewing integers}{part.10}% 96
\BOOKMARK [1][-]{section.10.12}{12 Constant integers}{part.10}% 97
\BOOKMARK [1][-]{section.10.13}{13 Scratch integers}{part.10}% 98
\BOOKMARK [2][-]{subsection.10.13.1}{13.1 Direct number expansion}{section.10.13}% 99
\BOOKMARK [1][-]{section.10.14}{14 Primitive conditionals}{part.10}% 100
\BOOKMARK [0][-]{part.11}{XI The l3flag package: Expandable flags}{}% 101
\BOOKMARK [1][-]{section.11.1}{1 Setting up flags}{part.11}% 102
\BOOKMARK [1][-]{section.11.2}{2 Expandable flag commands}{part.11}% 103
\BOOKMARK [0][-]{part.12}{XII The l3prg package: Control structures}{}% 104
\BOOKMARK [1][-]{section.12.1}{1 Defining a set of conditional functions}{part.12}% 105
\BOOKMARK [1][-]{section.12.2}{2 The boolean data type}{part.12}% 106
\BOOKMARK [1][-]{section.12.3}{3 Boolean expressions}{part.12}% 107
\BOOKMARK [1][-]{section.12.4}{4 Logical loops}{part.12}% 108
\BOOKMARK [1][-]{section.12.5}{5 Producing multiple copies}{part.12}% 109
\BOOKMARK [1][-]{section.12.6}{6 Detecting TeX's mode}{part.12}% 110
\BOOKMARK [1][-]{section.12.7}{7 Primitive conditionals}{part.12}% 111
\BOOKMARK [1][-]{section.12.8}{8 Nestable recursions and mappings}{part.12}% 112
\BOOKMARK [2][-]{subsection.12.8.1}{8.1 Simple mappings}{section.12.8}% 113
\BOOKMARK [1][-]{section.12.9}{9 Internal programming functions}{part.12}% 114
\BOOKMARK [0][-]{part.13}{XIII The l3sys package: System/runtime functions}{}% 115
\BOOKMARK [1][-]{section.13.1}{1 The name of the job}{part.13}% 116
\BOOKMARK [1][-]{section.13.2}{2 Date and time}{part.13}% 117
\BOOKMARK [1][-]{section.13.3}{3 Engine}{part.13}% 118
\BOOKMARK [1][-]{section.13.4}{4 Output format}{part.13}% 119
\BOOKMARK [0][-]{part.14}{XIV The l3clist package: Comma separated lists}{}% 120
\BOOKMARK [1][-]{section.14.1}{1 Creating and initialising comma lists}{part.14}% 121
\BOOKMARK [1][-]{section.14.2}{2 Adding data to comma lists}{part.14}% 122
\BOOKMARK [1][-]{section.14.3}{3 Modifying comma lists}{part.14}% 123
\BOOKMARK [1][-]{section.14.4}{4 Comma list conditionals}{part.14}% 124
\BOOKMARK [1][-]{section.14.5}{5 Mapping to comma lists}{part.14}% 125
\BOOKMARK [1][-]{section.14.6}{6 Using the content of comma lists directly}{part.14}% 126
\BOOKMARK [1][-]{section.14.7}{7 Comma lists as stacks}{part.14}% 127
\BOOKMARK [1][-]{section.14.8}{8 Using a single item}{part.14}% 128
\BOOKMARK [1][-]{section.14.9}{9 Viewing comma lists}{part.14}% 129
\BOOKMARK [1][-]{section.14.10}{10 Constant and scratch comma lists}{part.14}% 130
\BOOKMARK [0][-]{part.15}{XV The l3token package: Token manipulation}{}% 131
\BOOKMARK [1][-]{section.15.1}{1 Creating character tokens}{part.15}% 132
\BOOKMARK [1][-]{section.15.2}{2 Manipulating and interrogating character tokens}{part.15}% 133
\BOOKMARK [1][-]{section.15.3}{3 Generic tokens}{part.15}% 134
\BOOKMARK [1][-]{section.15.4}{4 Converting tokens}{part.15}% 135
\BOOKMARK [1][-]{section.15.5}{5 Token conditionals}{part.15}% 136
\BOOKMARK [1][-]{section.15.6}{6 Peeking ahead at the next token}{part.15}% 137
\BOOKMARK [1][-]{section.15.7}{7 Decomposing a macro definition}{part.15}% 138
\BOOKMARK [1][-]{section.15.8}{8 Description of all possible tokens}{part.15}% 139
\BOOKMARK [0][-]{part.16}{XVI The l3prop package: Property lists}{}% 140
\BOOKMARK [1][-]{section.16.1}{1 Creating and initialising property lists}{part.16}% 141
\BOOKMARK [1][-]{section.16.2}{2 Adding entries to property lists}{part.16}% 142
\BOOKMARK [1][-]{section.16.3}{3 Recovering values from property lists}{part.16}% 143
\BOOKMARK [1][-]{section.16.4}{4 Modifying property lists}{part.16}% 144
\BOOKMARK [1][-]{section.16.5}{5 Property list conditionals}{part.16}% 145
\BOOKMARK [1][-]{section.16.6}{6 Recovering values from property lists with branching}{part.16}% 146
\BOOKMARK [1][-]{section.16.7}{7 Mapping to property lists}{part.16}% 147
\BOOKMARK [1][-]{section.16.8}{8 Viewing property lists}{part.16}% 148
\BOOKMARK [1][-]{section.16.9}{9 Scratch property lists}{part.16}% 149
\BOOKMARK [1][-]{section.16.10}{10 Constants}{part.16}% 150
\BOOKMARK [0][-]{part.17}{XVII The l3msg package: Messages}{}% 151
\BOOKMARK [1][-]{section.17.1}{1 Creating new messages}{part.17}% 152
\BOOKMARK [1][-]{section.17.2}{2 Contextual information for messages}{part.17}% 153
\BOOKMARK [1][-]{section.17.3}{3 Issuing messages}{part.17}% 154
\BOOKMARK [1][-]{section.17.4}{4 Redirecting messages}{part.17}% 155
\BOOKMARK [0][-]{part.18}{XVIII The l3file package: File and I/O operations}{}% 156
\BOOKMARK [1][-]{section.18.1}{1 Input\205output stream management}{part.18}% 157
\BOOKMARK [2][-]{subsection.18.1.1}{1.1 Reading from files}{section.18.1}% 158
\BOOKMARK [1][-]{section.18.2}{2 Writing to files}{part.18}% 159
\BOOKMARK [2][-]{subsection.18.2.1}{2.1 Wrapping lines in output}{section.18.2}% 160
\BOOKMARK [2][-]{subsection.18.2.2}{2.2 Constant input\205output streams, and variables}{section.18.2}% 161
\BOOKMARK [2][-]{subsection.18.2.3}{2.3 Primitive conditionals}{section.18.2}% 162
\BOOKMARK [1][-]{section.18.3}{3 File operation functions}{part.18}% 163
\BOOKMARK [0][-]{part.19}{XIX The l3skip package: Dimensions and skips}{}% 164
\BOOKMARK [1][-]{section.19.1}{1 Creating and initialising dim variables}{part.19}% 165
\BOOKMARK [1][-]{section.19.2}{2 Setting dim variables}{part.19}% 166
\BOOKMARK [1][-]{section.19.3}{3 Utilities for dimension calculations}{part.19}% 167
\BOOKMARK [1][-]{section.19.4}{4 Dimension expression conditionals}{part.19}% 168
\BOOKMARK [1][-]{section.19.5}{5 Dimension expression loops}{part.19}% 169
\BOOKMARK [1][-]{section.19.6}{6 Dimension step functions}{part.19}% 170
\BOOKMARK [1][-]{section.19.7}{7 Using dim expressions and variables}{part.19}% 171
\BOOKMARK [1][-]{section.19.8}{8 Viewing dim variables}{part.19}% 172
\BOOKMARK [1][-]{section.19.9}{9 Constant dimensions}{part.19}% 173
\BOOKMARK [1][-]{section.19.10}{10 Scratch dimensions}{part.19}% 174
\BOOKMARK [1][-]{section.19.11}{11 Creating and initialising skip variables}{part.19}% 175
\BOOKMARK [1][-]{section.19.12}{12 Setting skip variables}{part.19}% 176
\BOOKMARK [1][-]{section.19.13}{13 Skip expression conditionals}{part.19}% 177
\BOOKMARK [1][-]{section.19.14}{14 Using skip expressions and variables}{part.19}% 178
\BOOKMARK [1][-]{section.19.15}{15 Viewing skip variables}{part.19}% 179
\BOOKMARK [1][-]{section.19.16}{16 Constant skips}{part.19}% 180
\BOOKMARK [1][-]{section.19.17}{17 Scratch skips}{part.19}% 181
\BOOKMARK [1][-]{section.19.18}{18 Inserting skips into the output}{part.19}% 182
\BOOKMARK [1][-]{section.19.19}{19 Creating and initialising muskip variables}{part.19}% 183
\BOOKMARK [1][-]{section.19.20}{20 Setting muskip variables}{part.19}% 184
\BOOKMARK [1][-]{section.19.21}{21 Using muskip expressions and variables}{part.19}% 185
\BOOKMARK [1][-]{section.19.22}{22 Viewing muskip variables}{part.19}% 186
\BOOKMARK [1][-]{section.19.23}{23 Constant muskips}{part.19}% 187
\BOOKMARK [1][-]{section.19.24}{24 Scratch muskips}{part.19}% 188
\BOOKMARK [1][-]{section.19.25}{25 Primitive conditional}{part.19}% 189
\BOOKMARK [0][-]{part.20}{XX The l3keys package: Key\205value interfaces}{}% 190
\BOOKMARK [1][-]{section.20.1}{1 Creating keys}{part.20}% 191
\BOOKMARK [1][-]{section.20.2}{2 Sub-dividing keys}{part.20}% 192
\BOOKMARK [1][-]{section.20.3}{3 Choice and multiple choice keys}{part.20}% 193
\BOOKMARK [1][-]{section.20.4}{4 Setting keys}{part.20}% 194
\BOOKMARK [1][-]{section.20.5}{5 Handling of unknown keys}{part.20}% 195
\BOOKMARK [1][-]{section.20.6}{6 Selective key setting}{part.20}% 196
\BOOKMARK [1][-]{section.20.7}{7 Utility functions for keys}{part.20}% 197
\BOOKMARK [1][-]{section.20.8}{8 Low-level interface for parsing key\205val lists}{part.20}% 198
\BOOKMARK [0][-]{part.21}{XXI The l3intarray package: fast global integer arrays}{}% 199
\BOOKMARK [1][-]{section.21.1}{1 l3intarray documentation}{part.21}% 200
\BOOKMARK [2][-]{subsection.21.1.1}{1.1 Implementation notes}{section.21.1}% 201
\BOOKMARK [0][-]{part.22}{XXII The l3fp package: Floating points}{}% 202
\BOOKMARK [1][-]{section.22.1}{1 Creating and initialising floating point variables}{part.22}% 203
\BOOKMARK [1][-]{section.22.2}{2 Setting floating point variables}{part.22}% 204
\BOOKMARK [1][-]{section.22.3}{3 Using floating points}{part.22}% 205
\BOOKMARK [1][-]{section.22.4}{4 Floating point conditionals}{part.22}% 206
\BOOKMARK [1][-]{section.22.5}{5 Floating point expression loops}{part.22}% 207
\BOOKMARK [1][-]{section.22.6}{6 Some useful constants, and scratch variables}{part.22}% 208
\BOOKMARK [1][-]{section.22.7}{7 Floating point exceptions}{part.22}% 209
\BOOKMARK [1][-]{section.22.8}{8 Viewing floating points}{part.22}% 210
\BOOKMARK [1][-]{section.22.9}{9 Floating point expressions}{part.22}% 211
\BOOKMARK [2][-]{subsection.22.9.1}{9.1 Input of floating point numbers}{section.22.9}% 212
\BOOKMARK [2][-]{subsection.22.9.2}{9.2 Precedence of operators}{section.22.9}% 213
\BOOKMARK [2][-]{subsection.22.9.3}{9.3 Operations}{section.22.9}% 214
\BOOKMARK [1][-]{section.22.10}{10 Disclaimer and roadmap}{part.22}% 215
\BOOKMARK [0][-]{part.23}{XXIII The l3fparray package: fast global floating point arrays}{}% 216
\BOOKMARK [1][-]{section.23.1}{1 l3fparray documentation}{part.23}% 217
\BOOKMARK [0][-]{part.24}{XXIV The l3sort package: Sorting functions}{}% 218
\BOOKMARK [1][-]{section.24.1}{1 Controlling sorting}{part.24}% 219
\BOOKMARK [0][-]{part.25}{XXV The l3tl-analysis package: Analysing token lists}{}% 220
\BOOKMARK [1][-]{section.25.1}{1 l3tl-analysis documentation}{part.25}% 221
\BOOKMARK [0][-]{part.26}{XXVI The l3regex package: Regular expressions in TeX}{}% 222
\BOOKMARK [1][-]{section.26.1}{1 Syntax of regular expressions}{part.26}% 223
\BOOKMARK [1][-]{section.26.2}{2 Syntax of the replacement text}{part.26}% 224
\BOOKMARK [1][-]{section.26.3}{3 Pre-compiling regular expressions}{part.26}% 225
\BOOKMARK [1][-]{section.26.4}{4 Matching}{part.26}% 226
\BOOKMARK [1][-]{section.26.5}{5 Submatch extraction}{part.26}% 227
\BOOKMARK [1][-]{section.26.6}{6 Replacement}{part.26}% 228
\BOOKMARK [1][-]{section.26.7}{7 Constants and variables}{part.26}% 229
\BOOKMARK [1][-]{section.26.8}{8 Bugs, misfeatures, future work, and other possibilities}{part.26}% 230
\BOOKMARK [0][-]{part.27}{XXVII The l3box package: Boxes}{}% 231
\BOOKMARK [1][-]{section.27.1}{1 Creating and initialising boxes}{part.27}% 232
\BOOKMARK [1][-]{section.27.2}{2 Using boxes}{part.27}% 233
\BOOKMARK [1][-]{section.27.3}{3 Measuring and setting box dimensions}{part.27}% 234
\BOOKMARK [1][-]{section.27.4}{4 Box conditionals}{part.27}% 235
\BOOKMARK [1][-]{section.27.5}{5 The last box inserted}{part.27}% 236
\BOOKMARK [1][-]{section.27.6}{6 Constant boxes}{part.27}% 237
\BOOKMARK [1][-]{section.27.7}{7 Scratch boxes}{part.27}% 238
\BOOKMARK [1][-]{section.27.8}{8 Viewing box contents}{part.27}% 239
\BOOKMARK [1][-]{section.27.9}{9 Boxes and color}{part.27}% 240
\BOOKMARK [1][-]{section.27.10}{10 Horizontal mode boxes}{part.27}% 241
\BOOKMARK [1][-]{section.27.11}{11 Vertical mode boxes}{part.27}% 242
\BOOKMARK [1][-]{section.27.12}{12 Using boxes efficiently}{part.27}% 243
\BOOKMARK [1][-]{section.27.13}{13 Affine transformations}{part.27}% 244
\BOOKMARK [1][-]{section.27.14}{14 Primitive box conditionals}{part.27}% 245
\BOOKMARK [0][-]{part.28}{XXVIII The l3coffins package: Coffin code layer}{}% 246
\BOOKMARK [1][-]{section.28.1}{1 Creating and initialising coffins}{part.28}% 247
\BOOKMARK [1][-]{section.28.2}{2 Setting coffin content and poles}{part.28}% 248
\BOOKMARK [1][-]{section.28.3}{3 Joining and using coffins}{part.28}% 249
\BOOKMARK [1][-]{section.28.4}{4 Measuring coffins}{part.28}% 250
\BOOKMARK [1][-]{section.28.5}{5 Coffin diagnostics}{part.28}% 251
\BOOKMARK [1][-]{section.28.6}{6 Constants and variables}{part.28}% 252
\BOOKMARK [0][-]{part.29}{XXIX The l3color-base package: Color support}{}% 253
\BOOKMARK [1][-]{section.29.1}{1 Color in boxes}{part.29}% 254
\BOOKMARK [0][-]{part.30}{XXX The l3luatex package: LuaTeX-specific functions}{}% 255
\BOOKMARK [1][-]{section.30.1}{1 Breaking out to Lua}{part.30}% 256
\BOOKMARK [1][-]{section.30.2}{2 Lua interfaces}{part.30}% 257
\BOOKMARK [0][-]{part.31}{XXXI The l3unicode package: Unicode support functions}{}% 258
\BOOKMARK [0][-]{part.32}{XXXII The l3candidates package: Experimental additions to l3kernel}{}% 259
\BOOKMARK [1][-]{section.32.1}{1 Important notice}{part.32}% 260
\BOOKMARK [1][-]{section.32.2}{2 Additions to l3basics}{part.32}% 261
\BOOKMARK [1][-]{section.32.3}{3 Additions to l3box}{part.32}% 262
\BOOKMARK [2][-]{subsection.32.3.1}{3.1 Viewing part of a box}{section.32.3}% 263
\BOOKMARK [1][-]{section.32.4}{4 Additions to l3coffins}{part.32}% 264
\BOOKMARK [1][-]{section.32.5}{5 Additions to l3expan}{part.32}% 265
\BOOKMARK [1][-]{section.32.6}{6 Additions to l3fp}{part.32}% 266
\BOOKMARK [1][-]{section.32.7}{7 Additions to l3fparray}{part.32}% 267
\BOOKMARK [1][-]{section.32.8}{8 Additions to l3file}{part.32}% 268
\BOOKMARK [1][-]{section.32.9}{9 Additions to l3flag}{part.32}% 269
\BOOKMARK [1][-]{section.32.10}{10 Additions to l3int}{part.32}% 270
\BOOKMARK [1][-]{section.32.11}{11 Additions to l3intarray}{part.32}% 271
\BOOKMARK [2][-]{subsection.32.11.1}{11.1 Working with contents of integer arrays}{section.32.11}% 272
\BOOKMARK [1][-]{section.32.12}{12 Additions to l3msg}{part.32}% 273
\BOOKMARK [1][-]{section.32.13}{13 Additions to l3prg}{part.32}% 274
\BOOKMARK [1][-]{section.32.14}{14 Additions to l3prop}{part.32}% 275
\BOOKMARK [1][-]{section.32.15}{15 Additions to l3seq}{part.32}% 276
\BOOKMARK [1][-]{section.32.16}{16 Additions to l3skip}{part.32}% 277
\BOOKMARK [1][-]{section.32.17}{17 Additions to l3sys}{part.32}% 278
\BOOKMARK [1][-]{section.32.18}{18 Additions to l3tl}{part.32}% 279
\BOOKMARK [1][-]{section.32.19}{19 Additions to l3token}{part.32}% 280
\BOOKMARK [0][-]{part.33}{XXXIII The l3drivers package: Drivers}{}% 281
\BOOKMARK [1][-]{section.33.1}{1 Box clipping}{part.33}% 282
\BOOKMARK [1][-]{section.33.2}{2 Box rotation and scaling}{part.33}% 283
\BOOKMARK [1][-]{section.33.3}{3 Color support}{part.33}% 284
\BOOKMARK [1][-]{section.33.4}{4 Drawing}{part.33}% 285
\BOOKMARK [2][-]{subsection.33.4.1}{4.1 Path construction}{section.33.4}% 286
\BOOKMARK [2][-]{subsection.33.4.2}{4.2 Stroking and filling}{section.33.4}% 287
\BOOKMARK [2][-]{subsection.33.4.3}{4.3 Stroke options}{section.33.4}% 288
\BOOKMARK [2][-]{subsection.33.4.4}{4.4 Color}{section.33.4}% 289
\BOOKMARK [2][-]{subsection.33.4.5}{4.5 Inserting TeX material}{section.33.4}% 290
\BOOKMARK [2][-]{subsection.33.4.6}{4.6 Coordinate system transformations}{section.33.4}% 291
\BOOKMARK [1][-]{section.33.5}{5 PDF Features}{part.33}% 292
\BOOKMARK [2][-]{subsection.33.5.1}{5.1 PDF Objects}{section.33.5}% 293
\BOOKMARK [2][-]{subsection.33.5.2}{5.2 PDF structure}{section.33.5}% 294
